TN:
SF:C:\Users\USER\Documents\GitHub\Atmart\SERVER\app.js
FNF:0
FNH:0
DA:2,1
DA:3,1
DA:4,1
DA:5,1
DA:6,1
DA:7,1
DA:8,1
DA:9,1
DA:10,1
DA:11,1
DA:14,1
DA:16,1
DA:17,1
DA:18,1
DA:20,1
DA:21,1
DA:22,1
DA:23,1
DA:24,1
DA:25,1
DA:27,1
LF:21
LH:21
BRF:0
BRH:0
end_of_record
TN:
SF:C:\Users\USER\Documents\GitHub\Atmart\SERVER\routes\car_route.js
FNF:0
FNH:0
DA:1,1
DA:2,1
DA:3,1
DA:7,1
DA:10,1
DA:13,1
DA:16,1
DA:19,1
DA:22,1
DA:26,1
DA:29,1
LF:11
LH:11
BRF:0
BRH:0
end_of_record
TN:
SF:C:\Users\USER\Documents\GitHub\Atmart\SERVER\routes\cloudinary_route.js
FN:16,(anonymous_1)
FN:19,(anonymous_2)
FN:23,(anonymous_3)
FNF:3
FNH:0
FNDA:0,(anonymous_1)
FNDA:0,(anonymous_2)
FNDA:0,(anonymous_3)
DA:1,1
DA:2,1
DA:3,1
DA:5,1
DA:6,1
DA:10,1
DA:16,1
DA:17,0
DA:18,0
DA:20,0
DA:21,0
DA:24,0
DA:25,0
DA:27,0
DA:31,1
LF:15
LH:8
BRDA:24,0,0,0
BRDA:24,0,1,0
BRF:2
BRH:0
end_of_record
TN:
SF:C:\Users\USER\Documents\GitHub\Atmart\SERVER\routes\flag_route.js
FNF:0
FNH:0
DA:1,1
DA:3,1
DA:5,1
DA:7,1
DA:10,1
DA:13,1
LF:6
LH:6
BRF:0
BRH:0
end_of_record
TN:
SF:C:\Users\USER\Documents\GitHub\Atmart\SERVER\routes\order_route.js
FNF:0
FNH:0
DA:2,1
DA:3,1
DA:4,1
DA:6,1
DA:9,1
DA:12,1
DA:15,1
LF:7
LH:7
BRF:0
BRH:0
end_of_record
TN:
SF:C:\Users\USER\Documents\GitHub\Atmart\SERVER\routes\user_route.js
FNF:0
FNH:0
DA:2,1
DA:3,1
DA:4,1
DA:7,1
DA:10,1
DA:13,1
DA:16,1
LF:7
LH:7
BRF:0
BRH:0
end_of_record
TN:
SF:C:\Users\USER\Documents\GitHub\Atmart\SERVER\test\car.js
FN:14,(anonymous_7)
FN:45,_callee
FN:53,_callee2
FN:62,_callee3
FN:72,(anonymous_14)
FN:73,_callee4
FN:82,_callee5
FN:91,_callee6
FN:105,_callee7
FN:117,(anonymous_23)
FN:118,_callee8
FN:127,_callee9
FN:137,_callee10
FN:151,_callee11
FN:161,_callee12
FNF:15
FNH:15
FNDA:1,(anonymous_7)
FNDA:3,_callee
FNDA:3,_callee2
FNDA:3,_callee3
FNDA:1,(anonymous_14)
FNDA:3,_callee4
FNDA:3,_callee5
FNDA:3,_callee6
FNDA:3,_callee7
FNDA:1,(anonymous_23)
FNDA:3,_callee8
FNDA:3,_callee9
FNDA:3,_callee10
FNDA:3,_callee11
FNDA:3,_callee12
DA:2,1
DA:3,1
DA:4,1
DA:6,1
DA:7,1
DA:10,1
DA:14,1
DA:15,1
DA:20,1
DA:31,1
DA:45,8
DA:46,1
DA:50,1
DA:51,1
DA:53,8
DA:54,1
DA:59,1
DA:60,1
DA:62,8
DA:63,1
DA:68,1
DA:69,1
DA:72,1
DA:73,8
DA:74,1
DA:78,1
DA:79,1
DA:82,8
DA:83,1
DA:88,1
DA:91,8
DA:92,1
DA:97,1
DA:98,1
DA:99,1
DA:100,1
DA:101,1
DA:102,1
DA:103,1
DA:105,8
DA:106,1
DA:111,1
DA:112,1
DA:113,1
DA:117,1
DA:118,8
DA:119,1
DA:123,1
DA:124,1
DA:127,8
DA:128,1
DA:133,1
DA:137,8
DA:138,1
DA:143,1
DA:144,1
DA:145,1
DA:146,1
DA:147,1
DA:148,1
DA:149,1
DA:151,8
DA:152,1
DA:157,1
DA:158,1
DA:159,1
DA:161,8
DA:162,1
DA:170,1
DA:171,1
DA:172,1
LF:71
LH:71
BRDA:45,0,0,1
BRDA:45,0,1,1
BRDA:45,0,2,1
BRDA:45,0,3,1
BRDA:53,1,0,1
BRDA:53,1,1,1
BRDA:53,1,2,1
BRDA:53,1,3,1
BRDA:62,2,0,1
BRDA:62,2,1,1
BRDA:62,2,2,1
BRDA:62,2,3,1
BRDA:73,3,0,1
BRDA:73,3,1,1
BRDA:73,3,2,1
BRDA:73,3,3,1
BRDA:82,4,0,1
BRDA:82,4,1,1
BRDA:82,4,2,1
BRDA:82,4,3,1
BRDA:91,5,0,1
BRDA:91,5,1,1
BRDA:91,5,2,1
BRDA:91,5,3,1
BRDA:105,6,0,1
BRDA:105,6,1,1
BRDA:105,6,2,1
BRDA:105,6,3,1
BRDA:118,7,0,1
BRDA:118,7,1,1
BRDA:118,7,2,1
BRDA:118,7,3,1
BRDA:127,8,0,1
BRDA:127,8,1,1
BRDA:127,8,2,1
BRDA:127,8,3,1
BRDA:137,9,0,1
BRDA:137,9,1,1
BRDA:137,9,2,1
BRDA:137,9,3,1
BRDA:151,10,0,1
BRDA:151,10,1,1
BRDA:151,10,2,1
BRDA:151,10,3,1
BRDA:161,11,0,1
BRDA:161,11,1,1
BRDA:161,11,2,1
BRDA:161,11,3,1
BRF:48
BRH:48
end_of_record
TN:
SF:C:\Users\USER\Documents\GitHub\Atmart\SERVER\test\flag.js
FN:14,(anonymous_7)
FN:41,_callee
FN:49,(anonymous_10)
FN:50,_callee2
FN:59,_callee3
FN:68,_callee4
FN:81,_callee5
FNF:7
FNH:7
FNDA:1,(anonymous_7)
FNDA:3,_callee
FNDA:1,(anonymous_10)
FNDA:3,_callee2
FNDA:3,_callee3
FNDA:3,_callee4
FNDA:3,_callee5
DA:2,1
DA:3,1
DA:4,1
DA:6,1
DA:7,1
DA:10,1
DA:14,1
DA:15,1
DA:20,1
DA:29,1
DA:41,8
DA:42,1
DA:46,1
DA:47,1
DA:49,1
DA:50,8
DA:51,1
DA:55,1
DA:56,1
DA:59,8
DA:60,1
DA:65,1
DA:68,8
DA:69,1
DA:74,1
DA:75,1
DA:76,1
DA:77,1
DA:78,1
DA:79,1
DA:81,8
DA:82,1
DA:87,1
DA:88,1
DA:89,1
LF:35
LH:35
BRDA:41,0,0,1
BRDA:41,0,1,1
BRDA:41,0,2,1
BRDA:41,0,3,1
BRDA:50,1,0,1
BRDA:50,1,1,1
BRDA:50,1,2,1
BRDA:50,1,3,1
BRDA:59,2,0,1
BRDA:59,2,1,1
BRDA:59,2,2,1
BRDA:59,2,3,1
BRDA:68,3,0,1
BRDA:68,3,1,1
BRDA:68,3,2,1
BRDA:68,3,3,1
BRDA:81,4,0,1
BRDA:81,4,1,1
BRDA:81,4,2,1
BRDA:81,4,3,1
BRF:20
BRH:20
end_of_record
TN:
SF:C:\Users\USER\Documents\GitHub\Atmart\SERVER\test\order.js
FN:14,(anonymous_7)
FN:47,_callee
FN:55,_callee2
FN:64,_callee3
FN:74,(anonymous_14)
FN:75,_callee4
FN:84,_callee5
FN:93,_callee6
FN:111,_callee7
FN:123,(anonymous_23)
FN:124,_callee8
FN:133,_callee9
FN:143,_callee10
FN:161,_callee11
FN:171,_callee12
FN:181,_callee13
FNF:16
FNH:16
FNDA:1,(anonymous_7)
FNDA:3,_callee
FNDA:3,_callee2
FNDA:3,_callee3
FNDA:1,(anonymous_14)
FNDA:3,_callee4
FNDA:3,_callee5
FNDA:3,_callee6
FNDA:3,_callee7
FNDA:1,(anonymous_23)
FNDA:3,_callee8
FNDA:3,_callee9
FNDA:3,_callee10
FNDA:3,_callee11
FNDA:3,_callee12
FNDA:3,_callee13
DA:2,1
DA:3,1
DA:4,1
DA:6,1
DA:7,1
DA:10,1
DA:14,1
DA:15,1
DA:20,1
DA:32,1
DA:47,8
DA:48,1
DA:52,1
DA:53,1
DA:55,8
DA:56,1
DA:61,1
DA:62,1
DA:64,8
DA:65,1
DA:70,1
DA:71,1
DA:74,1
DA:75,8
DA:76,1
DA:80,1
DA:81,1
DA:84,8
DA:85,1
DA:90,1
DA:93,8
DA:94,1
DA:99,1
DA:100,1
DA:101,1
DA:102,1
DA:103,1
DA:104,1
DA:105,1
DA:106,1
DA:107,1
DA:108,1
DA:109,1
DA:111,8
DA:112,1
DA:117,1
DA:118,1
DA:119,1
DA:123,1
DA:124,8
DA:125,1
DA:129,1
DA:130,1
DA:133,8
DA:134,1
DA:139,1
DA:143,8
DA:144,1
DA:149,1
DA:150,1
DA:151,1
DA:152,1
DA:153,1
DA:154,1
DA:155,1
DA:156,1
DA:157,1
DA:158,1
DA:159,1
DA:161,8
DA:162,1
DA:167,1
DA:168,1
DA:169,1
DA:171,8
DA:172,1
DA:177,1
DA:178,1
DA:179,1
DA:181,8
DA:182,1
DA:190,1
DA:191,1
DA:192,1
LF:84
LH:84
BRDA:47,0,0,1
BRDA:47,0,1,1
BRDA:47,0,2,1
BRDA:47,0,3,1
BRDA:55,1,0,1
BRDA:55,1,1,1
BRDA:55,1,2,1
BRDA:55,1,3,1
BRDA:64,2,0,1
BRDA:64,2,1,1
BRDA:64,2,2,1
BRDA:64,2,3,1
BRDA:75,3,0,1
BRDA:75,3,1,1
BRDA:75,3,2,1
BRDA:75,3,3,1
BRDA:84,4,0,1
BRDA:84,4,1,1
BRDA:84,4,2,1
BRDA:84,4,3,1
BRDA:93,5,0,1
BRDA:93,5,1,1
BRDA:93,5,2,1
BRDA:93,5,3,1
BRDA:111,6,0,1
BRDA:111,6,1,1
BRDA:111,6,2,1
BRDA:111,6,3,1
BRDA:124,7,0,1
BRDA:124,7,1,1
BRDA:124,7,2,1
BRDA:124,7,3,1
BRDA:133,8,0,1
BRDA:133,8,1,1
BRDA:133,8,2,1
BRDA:133,8,3,1
BRDA:143,9,0,1
BRDA:143,9,1,1
BRDA:143,9,2,1
BRDA:143,9,3,1
BRDA:161,10,0,1
BRDA:161,10,1,1
BRDA:161,10,2,1
BRDA:161,10,3,1
BRDA:171,11,0,1
BRDA:171,11,1,1
BRDA:171,11,2,1
BRDA:171,11,3,1
BRDA:181,12,0,1
BRDA:181,12,1,1
BRDA:181,12,2,1
BRDA:181,12,3,1
BRF:52
BRH:52
end_of_record
TN:
SF:C:\Users\USER\Documents\GitHub\Atmart\SERVER\test\user.js
FN:14,(anonymous_7)
FN:29,_callee
FN:38,(anonymous_10)
FN:39,_callee2
FN:51,_callee3
FN:60,_callee4
FNF:6
FNH:6
FNDA:1,(anonymous_7)
FNDA:3,_callee
FNDA:1,(anonymous_10)
FNDA:3,_callee2
FNDA:3,_callee3
FNDA:3,_callee4
DA:2,1
DA:3,1
DA:4,1
DA:6,1
DA:7,1
DA:10,1
DA:14,1
DA:17,1
DA:21,1
DA:25,1
DA:29,8
DA:30,1
DA:34,1
DA:38,1
DA:39,8
DA:40,1
DA:44,1
DA:45,1
DA:46,1
DA:47,1
DA:48,1
DA:49,1
DA:51,8
DA:52,1
DA:56,1
DA:57,1
DA:58,1
DA:60,8
DA:61,1
DA:65,1
DA:66,1
DA:67,1
LF:32
LH:32
BRDA:29,0,0,1
BRDA:29,0,1,1
BRDA:29,0,2,1
BRDA:29,0,3,1
BRDA:39,1,0,1
BRDA:39,1,1,1
BRDA:39,1,2,1
BRDA:39,1,3,1
BRDA:51,2,0,1
BRDA:51,2,1,1
BRDA:51,2,2,1
BRDA:51,2,3,1
BRDA:60,3,0,1
BRDA:60,3,1,1
BRDA:60,3,2,1
BRDA:60,3,3,1
BRF:16
BRH:16
end_of_record
TN:
SF:C:\Users\USER\Documents\GitHub\Atmart\SERVER\usingDB\controller\carController.js
FN:6,(anonymous_7)
FNF:1
FNH:1
FNDA:52,(anonymous_7)
DA:1,1
DA:2,1
DA:3,1
DA:4,1
DA:6,183
DA:15,5
DA:19,5
DA:36,4
DA:37,4
DA:51,0
DA:53,0
DA:54,0
DA:58,0
DA:71,4
DA:72,4
DA:79,3
DA:80,3
DA:85,3
DA:90,3
DA:91,3
DA:108,0
DA:110,0
DA:118,0
DA:120,0
DA:128,0
DA:130,0
DA:138,0
DA:140,0
DA:141,0
DA:148,0
DA:150,0
DA:161,0
DA:163,0
DA:169,0
DA:171,0
DA:184,0
DA:185,0
DA:189,0
DA:190,0
DA:198,0
DA:203,0
DA:204,0
DA:217,0
DA:219,0
DA:220,0
DA:233,1
LF:46
LH:17
BRDA:6,0,0,5
BRDA:6,0,1,4
BRDA:6,0,2,4
BRDA:6,0,3,0
BRDA:6,0,4,0
BRDA:6,0,5,5
BRDA:6,1,0,10
BRDA:6,1,1,2
BRDA:33,2,0,5
BRDA:33,2,1,4
BRDA:33,2,2,4
BRDA:6,3,0,4
BRDA:6,3,1,3
BRDA:6,3,2,3
BRDA:6,3,3,3
BRDA:6,3,4,3
BRDA:6,3,5,0
BRDA:6,3,6,0
BRDA:6,3,7,4
BRDA:6,4,0,0
BRDA:6,4,1,0
BRDA:6,4,2,0
BRDA:6,4,3,0
BRDA:6,4,4,0
BRDA:6,4,5,0
BRDA:6,4,6,0
BRDA:6,4,7,0
BRDA:6,4,8,0
BRDA:6,4,9,0
BRDA:6,4,10,0
BRDA:6,4,11,0
BRDA:6,4,12,0
BRDA:6,4,13,0
BRDA:6,4,14,0
BRDA:6,4,15,0
BRDA:6,4,16,0
BRDA:6,4,17,0
BRDA:6,4,18,0
BRDA:6,4,19,0
BRDA:6,4,20,0
BRDA:6,4,21,0
BRDA:6,4,22,0
BRF:42
BRH:15
end_of_record
TN:
SF:C:\Users\USER\Documents\GitHub\Atmart\SERVER\usingDB\controller\flagController.js
FN:6,(anonymous_7)
FNF:1
FNH:1
FNDA:15,(anonymous_7)
DA:1,1
DA:2,1
DA:3,1
DA:4,1
DA:6,49
DA:14,3
DA:18,3
DA:32,2
DA:33,2
DA:42,1
LF:10
LH:10
BRDA:6,0,0,3
BRDA:6,0,1,2
BRDA:6,0,2,2
BRDA:6,0,3,0
BRDA:6,0,4,0
BRDA:6,0,5,3
BRDA:6,1,0,2
BRDA:6,1,1,1
BRF:8
BRH:6
end_of_record
TN:
SF:C:\Users\USER\Documents\GitHub\Atmart\SERVER\usingDB\controller\orderController.js
FN:8,(anonymous_7)
FNF:1
FNH:1
FNDA:53,(anonymous_7)
DA:2,1
DA:3,1
DA:4,1
DA:5,1
DA:8,204
DA:17,5
DA:21,5
DA:36,4
DA:37,4
DA:50,5
DA:52,5
DA:59,4
DA:60,4
DA:66,3
DA:67,3
DA:77,3
DA:78,3
DA:89,1
LF:18
LH:18
BRDA:8,0,0,5
BRDA:8,0,1,4
BRDA:8,0,2,4
BRDA:8,0,3,0
BRDA:8,0,4,0
BRDA:8,0,5,5
BRDA:8,1,0,13
BRDA:8,1,1,5
BRDA:33,2,0,5
BRDA:33,2,1,4
BRDA:8,3,0,5
BRDA:8,3,1,4
BRDA:8,3,2,4
BRDA:8,3,3,4
BRDA:8,3,4,3
BRDA:8,3,5,1
BRDA:8,3,6,0
BRDA:8,3,7,0
BRDA:8,3,8,5
BRF:19
BRH:15
end_of_record
TN:
SF:C:\Users\USER\Documents\GitHub\Atmart\SERVER\usingDB\controller\userController.js
FN:10,(anonymous_7)
FN:39,(anonymous_10)
FN:70,(anonymous_15)
FNF:3
FNH:1
FNDA:36,(anonymous_7)
FNDA:0,(anonymous_10)
FNDA:0,(anonymous_15)
DA:2,1
DA:3,1
DA:4,1
DA:5,1
DA:6,1
DA:7,1
DA:10,122
DA:19,7
DA:31,6
DA:32,6
DA:40,0
DA:49,6
DA:50,6
DA:63,0
DA:65,0
DA:70,0
DA:71,0
DA:72,0
DA:73,0
DA:74,0
DA:75,0
DA:77,0
DA:88,1
LF:23
LH:13
BRDA:10,0,0,7
BRDA:10,0,1,6
BRDA:10,0,2,6
BRDA:10,0,3,0
BRDA:10,0,4,0
BRDA:10,0,5,7
BRDA:10,1,0,6
BRDA:10,1,1,1
BRDA:24,2,0,7
BRDA:24,2,1,6
BRDA:39,3,0,6
BRDA:39,3,1,0
BRDA:40,4,0,0
BRDA:40,4,1,0
BRDA:10,5,0,0
BRDA:10,5,1,0
BRDA:10,5,2,0
BRDA:10,5,3,0
BRDA:10,5,4,0
BRDA:10,5,5,0
BRDA:10,5,6,0
BRDA:71,6,0,0
BRDA:71,6,1,0
BRDA:73,7,0,0
BRDA:73,7,1,0
BRF:25
BRH:9
end_of_record
TN:
SF:C:\Users\USER\Documents\GitHub\Atmart\SERVER\usingDB\db\index.js
FN:20,query
FN:28,(anonymous_2)
FN:30,(anonymous_3)
FN:33,(anonymous_4)
FNF:4
FNH:3
FNDA:29,query
FNDA:29,(anonymous_2)
FNDA:29,(anonymous_3)
FNDA:0,(anonymous_4)
DA:3,1
DA:4,1
DA:6,1
DA:7,1
DA:9,1
DA:10,0
DA:15,1
DA:20,1
DA:28,29
DA:29,29
DA:31,29
DA:34,0
LF:12
LH:10
BRDA:9,0,0,0
BRDA:9,0,1,1
BRF:2
BRH:1
end_of_record
TN:
SF:C:\Users\USER\Documents\GitHub\Atmart\SERVER\usingDB\middleware\checkAuth.js
FN:3,(anonymous_1)
FNF:1
FNH:1
FNDA:27,(anonymous_1)
DA:1,1
DA:3,1
DA:4,27
DA:5,27
DA:6,27
DA:7,22
DA:8,22
DA:10,5
DA:12,22
LF:9
LH:9
BRF:0
BRH:0
end_of_record
