TN:
SF:C:\Users\USER\Documents\GitHub\Atmart\SERVER\test\car.js
FN:6,(anonymous_1)
FN:7,(anonymous_2)
FNF:2
FNH:2
FNDA:1,(anonymous_1)
FNDA:1,(anonymous_2)
DA:2,1
DA:3,1
DA:6,1
DA:7,1
DA:8,1
DA:9,1
LF:6
LH:6
BRF:0
BRH:0
end_of_record
TN:
SF:C:\Users\USER\Documents\GitHub\Atmart\SERVER\test\flag.js
FN:6,(anonymous_1)
FN:7,(anonymous_2)
FNF:2
FNH:2
FNDA:1,(anonymous_1)
FNDA:1,(anonymous_2)
DA:2,1
DA:3,1
DA:6,1
DA:7,1
DA:8,1
DA:9,1
LF:6
LH:6
BRF:0
BRH:0
end_of_record
TN:
SF:C:\Users\USER\Documents\GitHub\Atmart\SERVER\test\order.js
FN:6,(anonymous_1)
FN:7,(anonymous_2)
FNF:2
FNH:2
FNDA:1,(anonymous_1)
FNDA:1,(anonymous_2)
DA:2,1
DA:3,1
DA:6,1
DA:7,1
DA:8,1
DA:9,1
LF:6
LH:6
BRF:0
BRH:0
end_of_record
TN:
SF:C:\Users\USER\Documents\GitHub\Atmart\SERVER\test\user.js
FN:6,(anonymous_1)
FN:7,(anonymous_2)
FNF:2
FNH:2
FNDA:1,(anonymous_1)
FNDA:1,(anonymous_2)
DA:2,1
DA:3,1
DA:6,1
DA:7,1
DA:8,1
DA:9,1
LF:6
LH:6
BRF:0
BRH:0
end_of_record
TN:
SF:C:\Users\USER\Documents\GitHub\Atmart\SERVER\usingDB\controller\carController.js
FN:6,(anonymous_7)
FNF:1
FNH:1
FNDA:6,(anonymous_7)
DA:1,1
DA:2,1
DA:3,1
DA:4,1
DA:6,13
DA:15,0
DA:19,0
DA:32,0
DA:33,0
DA:47,0
DA:49,0
DA:50,0
DA:54,0
DA:67,0
DA:68,0
DA:72,0
DA:73,0
DA:78,0
DA:83,0
DA:84,0
DA:101,0
DA:103,0
DA:111,0
DA:113,0
DA:121,0
DA:123,0
DA:131,0
DA:133,0
DA:134,0
DA:141,0
DA:143,0
DA:154,0
DA:156,0
DA:162,0
DA:164,0
DA:177,0
DA:178,0
DA:182,0
DA:183,0
DA:191,0
DA:196,0
DA:197,0
DA:210,0
DA:212,0
DA:213,0
DA:226,1
LF:46
LH:6
BRDA:6,0,0,0
BRDA:6,0,1,0
BRDA:6,0,2,0
BRDA:6,0,3,0
BRDA:6,0,4,0
BRDA:6,1,0,0
BRDA:6,1,1,0
BRDA:6,1,2,0
BRDA:6,1,3,0
BRDA:6,1,4,0
BRDA:6,1,5,0
BRDA:6,2,0,0
BRDA:6,2,1,0
BRDA:6,3,0,0
BRDA:6,3,1,0
BRDA:6,3,2,0
BRDA:6,3,3,0
BRDA:6,3,4,0
BRDA:6,3,5,0
BRDA:6,3,6,0
BRDA:6,4,0,0
BRDA:6,4,1,0
BRDA:6,4,2,0
BRDA:6,4,3,0
BRDA:6,4,4,0
BRDA:6,4,5,0
BRDA:6,4,6,0
BRDA:6,4,7,0
BRDA:6,4,8,0
BRDA:6,4,9,0
BRDA:6,4,10,0
BRDA:6,4,11,0
BRDA:6,4,12,0
BRDA:6,4,13,0
BRDA:6,4,14,0
BRDA:6,4,15,0
BRDA:6,4,16,0
BRDA:6,4,17,0
BRDA:6,4,18,0
BRDA:6,4,19,0
BRDA:6,4,20,0
BRDA:6,4,21,0
BRDA:6,4,22,0
BRDA:6,5,0,0
BRDA:6,5,1,0
BRDA:6,5,2,0
BRDA:6,5,3,0
BRDA:6,5,4,0
BRDA:6,5,5,0
BRDA:6,5,6,0
BRDA:6,5,7,0
BRF:51
BRH:0
end_of_record
TN:
SF:C:\Users\USER\Documents\GitHub\Atmart\SERVER\usingDB\controller\flagController.js
FN:6,(anonymous_7)
FNF:1
FNH:1
FNDA:1,(anonymous_7)
DA:1,1
DA:2,1
DA:3,1
DA:4,1
DA:6,3
DA:14,0
DA:18,0
DA:28,0
DA:29,0
DA:38,1
LF:10
LH:6
BRDA:6,0,0,0
BRDA:6,0,1,0
BRDA:6,0,2,0
BRDA:6,0,3,0
BRDA:6,0,4,0
BRF:5
BRH:0
end_of_record
TN:
SF:C:\Users\USER\Documents\GitHub\Atmart\SERVER\usingDB\controller\orderController.js
FN:7,(anonymous_7)
FNF:1
FNH:1
FNDA:2,(anonymous_7)
DA:1,1
DA:2,1
DA:3,1
DA:4,1
DA:7,5
DA:16,0
DA:20,0
DA:31,0
DA:32,0
DA:45,0
DA:47,0
DA:51,0
DA:52,0
DA:58,0
DA:59,0
DA:60,0
DA:70,0
DA:71,0
DA:82,1
LF:19
LH:6
BRDA:7,0,0,0
BRDA:7,0,1,0
BRDA:7,0,2,0
BRDA:7,0,3,0
BRDA:7,0,4,0
BRDA:7,1,0,0
BRDA:7,1,1,0
BRDA:7,1,2,0
BRDA:7,1,3,0
BRDA:7,1,4,0
BRDA:7,1,5,0
BRDA:7,1,6,0
BRDA:7,1,7,0
BRDA:7,2,0,0
BRDA:7,2,1,0
BRF:15
BRH:0
end_of_record
TN:
SF:C:\Users\USER\Documents\GitHub\Atmart\SERVER\usingDB\controller\userController.js
FN:8,(anonymous_7)
FN:32,(anonymous_10)
FN:64,(anonymous_15)
FNF:3
FNH:1
FNDA:2,(anonymous_7)
FNDA:0,(anonymous_10)
FNDA:0,(anonymous_15)
DA:1,1
DA:2,1
DA:3,1
DA:4,1
DA:5,1
DA:6,1
DA:8,5
DA:17,0
DA:24,0
DA:25,0
DA:33,0
DA:34,0
DA:36,0
DA:43,0
DA:44,0
DA:57,0
DA:59,0
DA:64,0
DA:65,0
DA:66,0
DA:67,0
DA:68,0
DA:69,0
DA:71,0
DA:80,1
LF:25
LH:8
BRDA:8,0,0,0
BRDA:8,0,1,0
BRDA:8,0,2,0
BRDA:8,0,3,0
BRDA:8,0,4,0
BRDA:8,0,5,0
BRDA:8,1,0,0
BRDA:8,1,1,0
BRDA:21,2,0,0
BRDA:21,2,1,0
BRDA:32,3,0,0
BRDA:32,3,1,0
BRDA:33,4,0,0
BRDA:33,4,1,0
BRDA:8,5,0,0
BRDA:8,5,1,0
BRDA:8,5,2,0
BRDA:8,5,3,0
BRDA:8,5,4,0
BRDA:8,5,5,0
BRDA:8,5,6,0
BRDA:65,6,0,0
BRDA:65,6,1,0
BRDA:67,7,0,0
BRDA:67,7,1,0
BRF:25
BRH:0
end_of_record
TN:
SF:C:\Users\USER\Documents\GitHub\Atmart\SERVER\usingDB\db\index.js
FN:11,query
FN:19,(anonymous_2)
FN:21,(anonymous_3)
FN:24,(anonymous_4)
FNF:4
FNH:0
FNDA:0,query
FNDA:0,(anonymous_2)
FNDA:0,(anonymous_3)
FNDA:0,(anonymous_4)
DA:2,1
DA:3,1
DA:5,1
DA:7,1
DA:11,1
DA:19,0
DA:20,0
DA:22,0
DA:25,0
LF:9
LH:5
BRF:0
BRH:0
end_of_record
