{"C:\\Users\\USER\\Documents\\GitHub\\Atmart\\build\\test\\car.js":{"path":"C:\\Users\\USER\\Documents\\GitHub\\Atmart\\build\\test\\car.js","statementMap":{"0":{"start":{"line":3,"column":12},"end":{"line":3,"column":51}},"1":{"start":{"line":5,"column":16},"end":{"line":5,"column":60}},"2":{"start":{"line":7,"column":11},"end":{"line":7,"column":52}},"3":{"start":{"line":9,"column":39},"end":{"line":9,"column":95}},"4":{"start":{"line":11,"column":77},"end":{"line":11,"column":175}},"5":{"start":{"line":11,"column":94},"end":{"line":11,"column":107}},"6":{"start":{"line":11,"column":121},"end":{"line":11,"column":131}},"7":{"start":{"line":11,"column":151},"end":{"line":11,"column":165}},"8":{"start":{"line":11,"column":166},"end":{"line":11,"column":173}},"9":{"start":{"line":11,"column":176},"end":{"line":11,"column":263}},"10":{"start":{"line":11,"column":193},"end":{"line":11,"column":208}},"11":{"start":{"line":11,"column":218},"end":{"line":11,"column":261}},"12":{"start":{"line":13,"column":33},"end":{"line":13,"column":387}},"13":{"start":{"line":13,"column":65},"end":{"line":13,"column":69}},"14":{"start":{"line":13,"column":78},"end":{"line":13,"column":87}},"15":{"start":{"line":13,"column":89},"end":{"line":13,"column":384}},"16":{"start":{"line":13,"column":147},"end":{"line":13,"column":167}},"17":{"start":{"line":13,"column":193},"end":{"line":13,"column":264}},"18":{"start":{"line":13,"column":290},"end":{"line":13,"column":360}},"19":{"start":{"line":13,"column":363},"end":{"line":13,"column":380}},"20":{"start":{"line":15,"column":0},"end":{"line":15,"column":43}},"21":{"start":{"line":17,"column":0},"end":{"line":17,"column":35}},"22":{"start":{"line":19,"column":0},"end":{"line":19,"column":30}},"23":{"start":{"line":21,"column":0},"end":{"line":380,"column":3}},"24":{"start":{"line":22,"column":16},"end":{"line":25,"column":3}},"25":{"start":{"line":26,"column":17},"end":{"line":36,"column":3}},"26":{"start":{"line":37,"column":18},"end":{"line":47,"column":3}},"27":{"start":{"line":51,"column":2},"end":{"line":75,"column":7}},"28":{"start":{"line":57,"column":4},"end":{"line":74,"column":16}},"29":{"start":{"line":58,"column":6},"end":{"line":73,"column":7}},"30":{"start":{"line":59,"column":8},"end":{"line":72,"column":9}},"31":{"start":{"line":61,"column":12},"end":{"line":61,"column":30}},"32":{"start":{"line":62,"column":12},"end":{"line":62,"column":103}},"33":{"start":{"line":65,"column":12},"end":{"line":65,"column":35}},"34":{"start":{"line":66,"column":12},"end":{"line":66,"column":44}},"35":{"start":{"line":67,"column":12},"end":{"line":67,"column":47}},"36":{"start":{"line":71,"column":12},"end":{"line":71,"column":35}},"37":{"start":{"line":76,"column":2},"end":{"line":100,"column":7}},"38":{"start":{"line":82,"column":4},"end":{"line":99,"column":17}},"39":{"start":{"line":83,"column":6},"end":{"line":98,"column":7}},"40":{"start":{"line":84,"column":8},"end":{"line":97,"column":9}},"41":{"start":{"line":86,"column":12},"end":{"line":86,"column":31}},"42":{"start":{"line":87,"column":12},"end":{"line":87,"column":128}},"43":{"start":{"line":90,"column":12},"end":{"line":90,"column":36}},"44":{"start":{"line":91,"column":12},"end":{"line":91,"column":44}},"45":{"start":{"line":92,"column":12},"end":{"line":92,"column":45}},"46":{"start":{"line":96,"column":12},"end":{"line":96,"column":36}},"47":{"start":{"line":101,"column":2},"end":{"line":125,"column":7}},"48":{"start":{"line":107,"column":4},"end":{"line":124,"column":17}},"49":{"start":{"line":108,"column":6},"end":{"line":123,"column":7}},"50":{"start":{"line":109,"column":8},"end":{"line":122,"column":9}},"51":{"start":{"line":111,"column":12},"end":{"line":111,"column":31}},"52":{"start":{"line":112,"column":12},"end":{"line":112,"column":129}},"53":{"start":{"line":115,"column":12},"end":{"line":115,"column":36}},"54":{"start":{"line":116,"column":12},"end":{"line":116,"column":44}},"55":{"start":{"line":117,"column":12},"end":{"line":117,"column":46}},"56":{"start":{"line":121,"column":12},"end":{"line":121,"column":36}},"57":{"start":{"line":126,"column":2},"end":{"line":238,"column":5}},"58":{"start":{"line":127,"column":4},"end":{"line":154,"column":9}},"59":{"start":{"line":133,"column":6},"end":{"line":153,"column":19}},"60":{"start":{"line":134,"column":8},"end":{"line":152,"column":9}},"61":{"start":{"line":135,"column":10},"end":{"line":151,"column":11}},"62":{"start":{"line":137,"column":14},"end":{"line":137,"column":33}},"63":{"start":{"line":138,"column":14},"end":{"line":138,"column":98}},"64":{"start":{"line":141,"column":14},"end":{"line":141,"column":38}},"65":{"start":{"line":142,"column":14},"end":{"line":142,"column":46}},"66":{"start":{"line":143,"column":14},"end":{"line":146,"column":17}},"67":{"start":{"line":150,"column":14},"end":{"line":150,"column":38}},"68":{"start":{"line":155,"column":4},"end":{"line":178,"column":9}},"69":{"start":{"line":161,"column":6},"end":{"line":177,"column":19}},"70":{"start":{"line":162,"column":8},"end":{"line":176,"column":9}},"71":{"start":{"line":163,"column":10},"end":{"line":175,"column":11}},"72":{"start":{"line":165,"column":14},"end":{"line":165,"column":33}},"73":{"start":{"line":166,"column":14},"end":{"line":166,"column":130}},"74":{"start":{"line":169,"column":14},"end":{"line":169,"column":38}},"75":{"start":{"line":170,"column":14},"end":{"line":170,"column":46}},"76":{"start":{"line":174,"column":14},"end":{"line":174,"column":38}},"77":{"start":{"line":179,"column":4},"end":{"line":208,"column":9}},"78":{"start":{"line":185,"column":6},"end":{"line":207,"column":19}},"79":{"start":{"line":186,"column":8},"end":{"line":206,"column":9}},"80":{"start":{"line":187,"column":10},"end":{"line":205,"column":11}},"81":{"start":{"line":189,"column":14},"end":{"line":189,"column":33}},"82":{"start":{"line":190,"column":14},"end":{"line":190,"column":131}},"83":{"start":{"line":193,"column":14},"end":{"line":193,"column":38}},"84":{"start":{"line":194,"column":14},"end":{"line":194,"column":48}},"85":{"start":{"line":195,"column":14},"end":{"line":195,"column":46}},"86":{"start":{"line":196,"column":14},"end":{"line":196,"column":61}},"87":{"start":{"line":197,"column":14},"end":{"line":197,"column":60}},"88":{"start":{"line":198,"column":14},"end":{"line":198,"column":68}},"89":{"start":{"line":199,"column":14},"end":{"line":199,"column":61}},"90":{"start":{"line":200,"column":14},"end":{"line":200,"column":62}},"91":{"start":{"line":204,"column":14},"end":{"line":204,"column":38}},"92":{"start":{"line":209,"column":4},"end":{"line":237,"column":9}},"93":{"start":{"line":215,"column":6},"end":{"line":236,"column":19}},"94":{"start":{"line":216,"column":8},"end":{"line":235,"column":9}},"95":{"start":{"line":217,"column":10},"end":{"line":234,"column":11}},"96":{"start":{"line":219,"column":14},"end":{"line":219,"column":33}},"97":{"start":{"line":220,"column":14},"end":{"line":220,"column":124}},"98":{"start":{"line":223,"column":14},"end":{"line":223,"column":38}},"99":{"start":{"line":224,"column":14},"end":{"line":224,"column":48}},"100":{"start":{"line":225,"column":14},"end":{"line":225,"column":46}},"101":{"start":{"line":226,"column":14},"end":{"line":229,"column":17}},"102":{"start":{"line":233,"column":14},"end":{"line":233,"column":38}},"103":{"start":{"line":239,"column":2},"end":{"line":379,"column":5}},"104":{"start":{"line":240,"column":4},"end":{"line":267,"column":9}},"105":{"start":{"line":246,"column":6},"end":{"line":266,"column":19}},"106":{"start":{"line":247,"column":8},"end":{"line":265,"column":9}},"107":{"start":{"line":248,"column":10},"end":{"line":264,"column":11}},"108":{"start":{"line":250,"column":14},"end":{"line":250,"column":33}},"109":{"start":{"line":251,"column":14},"end":{"line":251,"column":129}},"110":{"start":{"line":254,"column":14},"end":{"line":254,"column":38}},"111":{"start":{"line":255,"column":14},"end":{"line":255,"column":46}},"112":{"start":{"line":256,"column":14},"end":{"line":259,"column":17}},"113":{"start":{"line":263,"column":14},"end":{"line":263,"column":38}},"114":{"start":{"line":268,"column":4},"end":{"line":291,"column":9}},"115":{"start":{"line":274,"column":6},"end":{"line":290,"column":19}},"116":{"start":{"line":275,"column":8},"end":{"line":289,"column":9}},"117":{"start":{"line":276,"column":10},"end":{"line":288,"column":11}},"118":{"start":{"line":278,"column":14},"end":{"line":278,"column":33}},"119":{"start":{"line":279,"column":14},"end":{"line":279,"column":162}},"120":{"start":{"line":282,"column":14},"end":{"line":282,"column":38}},"121":{"start":{"line":283,"column":14},"end":{"line":283,"column":46}},"122":{"start":{"line":287,"column":14},"end":{"line":287,"column":38}},"123":{"start":{"line":292,"column":4},"end":{"line":321,"column":9}},"124":{"start":{"line":298,"column":6},"end":{"line":320,"column":20}},"125":{"start":{"line":299,"column":8},"end":{"line":319,"column":9}},"126":{"start":{"line":300,"column":10},"end":{"line":318,"column":11}},"127":{"start":{"line":302,"column":14},"end":{"line":302,"column":34}},"128":{"start":{"line":303,"column":14},"end":{"line":303,"column":162}},"129":{"start":{"line":306,"column":14},"end":{"line":306,"column":39}},"130":{"start":{"line":307,"column":14},"end":{"line":307,"column":48}},"131":{"start":{"line":308,"column":14},"end":{"line":308,"column":46}},"132":{"start":{"line":309,"column":14},"end":{"line":309,"column":66}},"133":{"start":{"line":310,"column":14},"end":{"line":310,"column":65}},"134":{"start":{"line":311,"column":14},"end":{"line":311,"column":73}},"135":{"start":{"line":312,"column":14},"end":{"line":312,"column":66}},"136":{"start":{"line":313,"column":14},"end":{"line":313,"column":67}},"137":{"start":{"line":317,"column":14},"end":{"line":317,"column":39}},"138":{"start":{"line":322,"column":4},"end":{"line":350,"column":9}},"139":{"start":{"line":328,"column":6},"end":{"line":349,"column":20}},"140":{"start":{"line":329,"column":8},"end":{"line":348,"column":9}},"141":{"start":{"line":330,"column":10},"end":{"line":347,"column":11}},"142":{"start":{"line":332,"column":14},"end":{"line":332,"column":34}},"143":{"start":{"line":333,"column":14},"end":{"line":333,"column":156}},"144":{"start":{"line":336,"column":14},"end":{"line":336,"column":39}},"145":{"start":{"line":337,"column":14},"end":{"line":337,"column":48}},"146":{"start":{"line":338,"column":14},"end":{"line":338,"column":46}},"147":{"start":{"line":339,"column":14},"end":{"line":342,"column":17}},"148":{"start":{"line":346,"column":14},"end":{"line":346,"column":39}},"149":{"start":{"line":351,"column":4},"end":{"line":378,"column":9}},"150":{"start":{"line":357,"column":6},"end":{"line":377,"column":20}},"151":{"start":{"line":358,"column":8},"end":{"line":376,"column":9}},"152":{"start":{"line":359,"column":10},"end":{"line":375,"column":11}},"153":{"start":{"line":361,"column":14},"end":{"line":361,"column":34}},"154":{"start":{"line":362,"column":14},"end":{"line":364,"column":17}},"155":{"start":{"line":367,"column":14},"end":{"line":367,"column":39}},"156":{"start":{"line":368,"column":14},"end":{"line":368,"column":46}},"157":{"start":{"line":369,"column":14},"end":{"line":369,"column":66}},"158":{"start":{"line":370,"column":14},"end":{"line":370,"column":65}},"159":{"start":{"line":374,"column":14},"end":{"line":374,"column":39}}},"fnMap":{"0":{"name":"_interopRequireDefault","decl":{"start":{"line":9,"column":9},"end":{"line":9,"column":31}},"loc":{"start":{"line":9,"column":37},"end":{"line":9,"column":97}},"line":9},"1":{"name":"asyncGeneratorStep","decl":{"start":{"line":11,"column":9},"end":{"line":11,"column":27}},"loc":{"start":{"line":11,"column":75},"end":{"line":11,"column":265}},"line":11},"2":{"name":"_asyncToGenerator","decl":{"start":{"line":13,"column":9},"end":{"line":13,"column":26}},"loc":{"start":{"line":13,"column":31},"end":{"line":13,"column":389}},"line":13},"3":{"name":"(anonymous_3)","decl":{"start":{"line":13,"column":40},"end":{"line":13,"column":41}},"loc":{"start":{"line":13,"column":52},"end":{"line":13,"column":386}},"line":13},"4":{"name":"(anonymous_4)","decl":{"start":{"line":13,"column":108},"end":{"line":13,"column":109}},"loc":{"start":{"line":13,"column":135},"end":{"line":13,"column":382}},"line":13},"5":{"name":"_next","decl":{"start":{"line":13,"column":178},"end":{"line":13,"column":183}},"loc":{"start":{"line":13,"column":191},"end":{"line":13,"column":266}},"line":13},"6":{"name":"_throw","decl":{"start":{"line":13,"column":276},"end":{"line":13,"column":282}},"loc":{"start":{"line":13,"column":288},"end":{"line":13,"column":362}},"line":13},"7":{"name":"(anonymous_7)","decl":{"start":{"line":21,"column":16},"end":{"line":21,"column":17}},"loc":{"start":{"line":21,"column":28},"end":{"line":380,"column":1}},"line":21},"8":{"name":"_callee","decl":{"start":{"line":55,"column":35},"end":{"line":55,"column":42}},"loc":{"start":{"line":55,"column":45},"end":{"line":75,"column":3}},"line":55},"9":{"name":"_callee$","decl":{"start":{"line":57,"column":44},"end":{"line":57,"column":52}},"loc":{"start":{"line":57,"column":63},"end":{"line":74,"column":5}},"line":57},"10":{"name":"_callee2","decl":{"start":{"line":80,"column":35},"end":{"line":80,"column":43}},"loc":{"start":{"line":80,"column":46},"end":{"line":100,"column":3}},"line":80},"11":{"name":"_callee2$","decl":{"start":{"line":82,"column":44},"end":{"line":82,"column":53}},"loc":{"start":{"line":82,"column":65},"end":{"line":99,"column":5}},"line":82},"12":{"name":"_callee3","decl":{"start":{"line":105,"column":35},"end":{"line":105,"column":43}},"loc":{"start":{"line":105,"column":46},"end":{"line":125,"column":3}},"line":105},"13":{"name":"_callee3$","decl":{"start":{"line":107,"column":44},"end":{"line":107,"column":53}},"loc":{"start":{"line":107,"column":65},"end":{"line":124,"column":5}},"line":107},"14":{"name":"(anonymous_14)","decl":{"start":{"line":126,"column":48},"end":{"line":126,"column":49}},"loc":{"start":{"line":126,"column":60},"end":{"line":238,"column":3}},"line":126},"15":{"name":"_callee4","decl":{"start":{"line":131,"column":37},"end":{"line":131,"column":45}},"loc":{"start":{"line":131,"column":48},"end":{"line":154,"column":5}},"line":131},"16":{"name":"_callee4$","decl":{"start":{"line":133,"column":46},"end":{"line":133,"column":55}},"loc":{"start":{"line":133,"column":67},"end":{"line":153,"column":7}},"line":133},"17":{"name":"_callee5","decl":{"start":{"line":159,"column":37},"end":{"line":159,"column":45}},"loc":{"start":{"line":159,"column":48},"end":{"line":178,"column":5}},"line":159},"18":{"name":"_callee5$","decl":{"start":{"line":161,"column":46},"end":{"line":161,"column":55}},"loc":{"start":{"line":161,"column":67},"end":{"line":177,"column":7}},"line":161},"19":{"name":"_callee6","decl":{"start":{"line":183,"column":37},"end":{"line":183,"column":45}},"loc":{"start":{"line":183,"column":48},"end":{"line":208,"column":5}},"line":183},"20":{"name":"_callee6$","decl":{"start":{"line":185,"column":46},"end":{"line":185,"column":55}},"loc":{"start":{"line":185,"column":67},"end":{"line":207,"column":7}},"line":185},"21":{"name":"_callee7","decl":{"start":{"line":213,"column":37},"end":{"line":213,"column":45}},"loc":{"start":{"line":213,"column":48},"end":{"line":237,"column":5}},"line":213},"22":{"name":"_callee7$","decl":{"start":{"line":215,"column":46},"end":{"line":215,"column":55}},"loc":{"start":{"line":215,"column":67},"end":{"line":236,"column":7}},"line":215},"23":{"name":"(anonymous_23)","decl":{"start":{"line":239,"column":69},"end":{"line":239,"column":70}},"loc":{"start":{"line":239,"column":81},"end":{"line":379,"column":3}},"line":239},"24":{"name":"_callee8","decl":{"start":{"line":244,"column":37},"end":{"line":244,"column":45}},"loc":{"start":{"line":244,"column":48},"end":{"line":267,"column":5}},"line":244},"25":{"name":"_callee8$","decl":{"start":{"line":246,"column":46},"end":{"line":246,"column":55}},"loc":{"start":{"line":246,"column":67},"end":{"line":266,"column":7}},"line":246},"26":{"name":"_callee9","decl":{"start":{"line":272,"column":37},"end":{"line":272,"column":45}},"loc":{"start":{"line":272,"column":48},"end":{"line":291,"column":5}},"line":272},"27":{"name":"_callee9$","decl":{"start":{"line":274,"column":46},"end":{"line":274,"column":55}},"loc":{"start":{"line":274,"column":67},"end":{"line":290,"column":7}},"line":274},"28":{"name":"_callee10","decl":{"start":{"line":296,"column":37},"end":{"line":296,"column":46}},"loc":{"start":{"line":296,"column":49},"end":{"line":321,"column":5}},"line":296},"29":{"name":"_callee10$","decl":{"start":{"line":298,"column":46},"end":{"line":298,"column":56}},"loc":{"start":{"line":298,"column":69},"end":{"line":320,"column":7}},"line":298},"30":{"name":"_callee11","decl":{"start":{"line":326,"column":37},"end":{"line":326,"column":46}},"loc":{"start":{"line":326,"column":49},"end":{"line":350,"column":5}},"line":326},"31":{"name":"_callee11$","decl":{"start":{"line":328,"column":46},"end":{"line":328,"column":56}},"loc":{"start":{"line":328,"column":69},"end":{"line":349,"column":7}},"line":328},"32":{"name":"_callee12","decl":{"start":{"line":355,"column":37},"end":{"line":355,"column":46}},"loc":{"start":{"line":355,"column":49},"end":{"line":378,"column":5}},"line":355},"33":{"name":"_callee12$","decl":{"start":{"line":357,"column":46},"end":{"line":357,"column":56}},"loc":{"start":{"line":357,"column":69},"end":{"line":377,"column":7}},"line":357}},"branchMap":{"0":{"loc":{"start":{"line":9,"column":46},"end":{"line":9,"column":94}},"type":"cond-expr","locations":[{"start":{"line":9,"column":70},"end":{"line":9,"column":73}},{"start":{"line":9,"column":76},"end":{"line":9,"column":94}}],"line":9},"1":{"loc":{"start":{"line":9,"column":46},"end":{"line":9,"column":67}},"type":"binary-expr","locations":[{"start":{"line":9,"column":46},"end":{"line":9,"column":49}},{"start":{"line":9,"column":53},"end":{"line":9,"column":67}}],"line":9},"2":{"loc":{"start":{"line":11,"column":176},"end":{"line":11,"column":263}},"type":"if","locations":[{"start":{"line":11,"column":176},"end":{"line":11,"column":263}},{"start":{"line":11,"column":176},"end":{"line":11,"column":263}}],"line":11},"3":{"loc":{"start":{"line":59,"column":8},"end":{"line":72,"column":9}},"type":"switch","locations":[{"start":{"line":60,"column":10},"end":{"line":62,"column":103}},{"start":{"line":64,"column":10},"end":{"line":67,"column":47}},{"start":{"line":69,"column":10},"end":{"line":69,"column":17}},{"start":{"line":70,"column":10},"end":{"line":71,"column":35}}],"line":59},"4":{"loc":{"start":{"line":84,"column":8},"end":{"line":97,"column":9}},"type":"switch","locations":[{"start":{"line":85,"column":10},"end":{"line":87,"column":128}},{"start":{"line":89,"column":10},"end":{"line":92,"column":45}},{"start":{"line":94,"column":10},"end":{"line":94,"column":17}},{"start":{"line":95,"column":10},"end":{"line":96,"column":36}}],"line":84},"5":{"loc":{"start":{"line":109,"column":8},"end":{"line":122,"column":9}},"type":"switch","locations":[{"start":{"line":110,"column":10},"end":{"line":112,"column":129}},{"start":{"line":114,"column":10},"end":{"line":117,"column":46}},{"start":{"line":119,"column":10},"end":{"line":119,"column":17}},{"start":{"line":120,"column":10},"end":{"line":121,"column":36}}],"line":109},"6":{"loc":{"start":{"line":135,"column":10},"end":{"line":151,"column":11}},"type":"switch","locations":[{"start":{"line":136,"column":12},"end":{"line":138,"column":98}},{"start":{"line":140,"column":12},"end":{"line":146,"column":17}},{"start":{"line":148,"column":12},"end":{"line":148,"column":19}},{"start":{"line":149,"column":12},"end":{"line":150,"column":38}}],"line":135},"7":{"loc":{"start":{"line":163,"column":10},"end":{"line":175,"column":11}},"type":"switch","locations":[{"start":{"line":164,"column":12},"end":{"line":166,"column":130}},{"start":{"line":168,"column":12},"end":{"line":170,"column":46}},{"start":{"line":172,"column":12},"end":{"line":172,"column":19}},{"start":{"line":173,"column":12},"end":{"line":174,"column":38}}],"line":163},"8":{"loc":{"start":{"line":187,"column":10},"end":{"line":205,"column":11}},"type":"switch","locations":[{"start":{"line":188,"column":12},"end":{"line":190,"column":131}},{"start":{"line":192,"column":12},"end":{"line":200,"column":62}},{"start":{"line":202,"column":12},"end":{"line":202,"column":20}},{"start":{"line":203,"column":12},"end":{"line":204,"column":38}}],"line":187},"9":{"loc":{"start":{"line":217,"column":10},"end":{"line":234,"column":11}},"type":"switch","locations":[{"start":{"line":218,"column":12},"end":{"line":220,"column":124}},{"start":{"line":222,"column":12},"end":{"line":229,"column":17}},{"start":{"line":231,"column":12},"end":{"line":231,"column":19}},{"start":{"line":232,"column":12},"end":{"line":233,"column":38}}],"line":217},"10":{"loc":{"start":{"line":248,"column":10},"end":{"line":264,"column":11}},"type":"switch","locations":[{"start":{"line":249,"column":12},"end":{"line":251,"column":129}},{"start":{"line":253,"column":12},"end":{"line":259,"column":17}},{"start":{"line":261,"column":12},"end":{"line":261,"column":19}},{"start":{"line":262,"column":12},"end":{"line":263,"column":38}}],"line":248},"11":{"loc":{"start":{"line":276,"column":10},"end":{"line":288,"column":11}},"type":"switch","locations":[{"start":{"line":277,"column":12},"end":{"line":279,"column":162}},{"start":{"line":281,"column":12},"end":{"line":283,"column":46}},{"start":{"line":285,"column":12},"end":{"line":285,"column":19}},{"start":{"line":286,"column":12},"end":{"line":287,"column":38}}],"line":276},"12":{"loc":{"start":{"line":300,"column":10},"end":{"line":318,"column":11}},"type":"switch","locations":[{"start":{"line":301,"column":12},"end":{"line":303,"column":162}},{"start":{"line":305,"column":12},"end":{"line":313,"column":67}},{"start":{"line":315,"column":12},"end":{"line":315,"column":20}},{"start":{"line":316,"column":12},"end":{"line":317,"column":39}}],"line":300},"13":{"loc":{"start":{"line":330,"column":10},"end":{"line":347,"column":11}},"type":"switch","locations":[{"start":{"line":331,"column":12},"end":{"line":333,"column":156}},{"start":{"line":335,"column":12},"end":{"line":342,"column":17}},{"start":{"line":344,"column":12},"end":{"line":344,"column":19}},{"start":{"line":345,"column":12},"end":{"line":346,"column":39}}],"line":330},"14":{"loc":{"start":{"line":359,"column":10},"end":{"line":375,"column":11}},"type":"switch","locations":[{"start":{"line":360,"column":12},"end":{"line":364,"column":17}},{"start":{"line":366,"column":12},"end":{"line":370,"column":65}},{"start":{"line":372,"column":12},"end":{"line":372,"column":19}},{"start":{"line":373,"column":12},"end":{"line":374,"column":39}}],"line":359}},"s":{"0":1,"1":1,"2":1,"3":3,"4":24,"5":24,"6":24,"7":0,"8":0,"9":24,"10":12,"11":12,"12":12,"13":12,"14":12,"15":12,"16":12,"17":24,"18":0,"19":12,"20":1,"21":1,"22":1,"23":1,"24":1,"25":1,"26":1,"27":1,"28":1,"29":2,"30":2,"31":1,"32":1,"33":1,"34":1,"35":1,"36":1,"37":1,"38":1,"39":2,"40":2,"41":1,"42":1,"43":1,"44":1,"45":1,"46":1,"47":1,"48":1,"49":2,"50":2,"51":1,"52":1,"53":1,"54":1,"55":1,"56":1,"57":1,"58":1,"59":1,"60":2,"61":2,"62":1,"63":1,"64":1,"65":1,"66":1,"67":1,"68":1,"69":1,"70":2,"71":2,"72":1,"73":1,"74":1,"75":1,"76":1,"77":1,"78":1,"79":2,"80":2,"81":1,"82":1,"83":1,"84":1,"85":1,"86":1,"87":1,"88":1,"89":1,"90":1,"91":1,"92":1,"93":1,"94":2,"95":2,"96":1,"97":1,"98":1,"99":1,"100":1,"101":1,"102":1,"103":1,"104":1,"105":1,"106":2,"107":2,"108":1,"109":1,"110":1,"111":1,"112":1,"113":1,"114":1,"115":1,"116":2,"117":2,"118":1,"119":1,"120":1,"121":1,"122":1,"123":1,"124":1,"125":2,"126":2,"127":1,"128":1,"129":1,"130":1,"131":1,"132":1,"133":1,"134":1,"135":1,"136":1,"137":1,"138":1,"139":1,"140":2,"141":2,"142":1,"143":1,"144":1,"145":1,"146":1,"147":1,"148":1,"149":1,"150":1,"151":2,"152":2,"153":1,"154":1,"155":1,"156":1,"157":1,"158":1,"159":1},"f":{"0":3,"1":24,"2":12,"3":12,"4":12,"5":24,"6":0,"7":1,"8":1,"9":2,"10":1,"11":2,"12":1,"13":2,"14":1,"15":1,"16":2,"17":1,"18":2,"19":1,"20":2,"21":1,"22":2,"23":1,"24":1,"25":2,"26":1,"27":2,"28":1,"29":2,"30":1,"31":2,"32":1,"33":2},"b":{"0":[0,3],"1":[3,3],"2":[12,12],"3":[1,1,1,1],"4":[1,1,1,1],"5":[1,1,1,1],"6":[1,1,1,1],"7":[1,1,1,1],"8":[1,1,1,1],"9":[1,1,1,1],"10":[1,1,1,1],"11":[1,1,1,1],"12":[1,1,1,1],"13":[1,1,1,1],"14":[1,1,1,1]},"_coverageSchema":"43e27e138ebf9cfc5966b082cf9a028302ed4184","hash":"a3bfc1b6846fac4129891571377efbb70b4900e2","contentHash":"6264197f984d571cfa973abeb03ced137e9232d7463eed7a4df086065d42f3d3"},"C:\\Users\\USER\\Documents\\GitHub\\Atmart\\build\\app.js":{"path":"C:\\Users\\USER\\Documents\\GitHub\\Atmart\\build\\app.js","statementMap":{"0":{"start":{"line":3,"column":15},"end":{"line":3,"column":57}},"1":{"start":{"line":5,"column":14},"end":{"line":5,"column":55}},"2":{"start":{"line":7,"column":18},"end":{"line":7,"column":64}},"3":{"start":{"line":9,"column":24},"end":{"line":9,"column":77}},"4":{"start":{"line":11,"column":17},"end":{"line":11,"column":70}},"5":{"start":{"line":13,"column":18},"end":{"line":13,"column":72}},"6":{"start":{"line":15,"column":19},"end":{"line":15,"column":74}},"7":{"start":{"line":17,"column":24},"end":{"line":17,"column":84}},"8":{"start":{"line":19,"column":18},"end":{"line":19,"column":72}},"9":{"start":{"line":21,"column":18},"end":{"line":21,"column":66}},"10":{"start":{"line":23,"column":39},"end":{"line":23,"column":95}},"11":{"start":{"line":25,"column":10},"end":{"line":25,"column":36}},"12":{"start":{"line":26,"column":0},"end":{"line":26,"column":39}},"13":{"start":{"line":27,"column":0},"end":{"line":29,"column":4}},"14":{"start":{"line":30,"column":0},"end":{"line":30,"column":40}},"15":{"start":{"line":31,"column":0},"end":{"line":31,"column":43}},"16":{"start":{"line":32,"column":0},"end":{"line":32,"column":37}},"17":{"start":{"line":33,"column":0},"end":{"line":33,"column":36}},"18":{"start":{"line":34,"column":0},"end":{"line":34,"column":38}},"19":{"start":{"line":35,"column":0},"end":{"line":35,"column":37}},"20":{"start":{"line":36,"column":0},"end":{"line":36,"column":117}},"21":{"start":{"line":37,"column":0},"end":{"line":37,"column":21}}},"fnMap":{"0":{"name":"_interopRequireDefault","decl":{"start":{"line":23,"column":9},"end":{"line":23,"column":31}},"loc":{"start":{"line":23,"column":37},"end":{"line":23,"column":97}},"line":23}},"branchMap":{"0":{"loc":{"start":{"line":23,"column":46},"end":{"line":23,"column":94}},"type":"cond-expr","locations":[{"start":{"line":23,"column":70},"end":{"line":23,"column":73}},{"start":{"line":23,"column":76},"end":{"line":23,"column":94}}],"line":23},"1":{"loc":{"start":{"line":23,"column":46},"end":{"line":23,"column":67}},"type":"binary-expr","locations":[{"start":{"line":23,"column":46},"end":{"line":23,"column":49}},{"start":{"line":23,"column":53},"end":{"line":23,"column":67}}],"line":23}},"s":{"0":1,"1":1,"2":1,"3":1,"4":1,"5":1,"6":1,"7":1,"8":1,"9":1,"10":10,"11":1,"12":1,"13":1,"14":1,"15":1,"16":1,"17":1,"18":1,"19":1,"20":1,"21":1},"f":{"0":10},"b":{"0":[0,10],"1":[10,10]},"_coverageSchema":"43e27e138ebf9cfc5966b082cf9a028302ed4184","hash":"1097cea47261f8a7122aac593f50d525802fdd80","contentHash":"0739bfd8dd6786545308f327dbdda3e03525eed3717d42f335c33bf926cb57a0"},"C:\\Users\\USER\\Documents\\GitHub\\Atmart\\build\\routes\\car_route.js":{"path":"C:\\Users\\USER\\Documents\\GitHub\\Atmart\\build\\routes\\car_route.js","statementMap":{"0":{"start":{"line":3,"column":15},"end":{"line":3,"column":57}},"1":{"start":{"line":5,"column":21},"end":{"line":5,"column":91}},"2":{"start":{"line":7,"column":17},"end":{"line":7,"column":83}},"3":{"start":{"line":9,"column":39},"end":{"line":9,"column":95}},"4":{"start":{"line":12,"column":13},"end":{"line":12,"column":41}},"5":{"start":{"line":15,"column":0},"end":{"line":15,"column":83}},"6":{"start":{"line":17,"column":0},"end":{"line":17,"column":84}},"7":{"start":{"line":19,"column":0},"end":{"line":19,"column":68}},"8":{"start":{"line":21,"column":0},"end":{"line":21,"column":99}},"9":{"start":{"line":23,"column":0},"end":{"line":23,"column":108}},"10":{"start":{"line":25,"column":0},"end":{"line":25,"column":106}},"11":{"start":{"line":26,"column":0},"end":{"line":26,"column":24}}},"fnMap":{"0":{"name":"_interopRequireDefault","decl":{"start":{"line":9,"column":9},"end":{"line":9,"column":31}},"loc":{"start":{"line":9,"column":37},"end":{"line":9,"column":97}},"line":9}},"branchMap":{"0":{"loc":{"start":{"line":9,"column":46},"end":{"line":9,"column":94}},"type":"cond-expr","locations":[{"start":{"line":9,"column":70},"end":{"line":9,"column":73}},{"start":{"line":9,"column":76},"end":{"line":9,"column":94}}],"line":9},"1":{"loc":{"start":{"line":9,"column":46},"end":{"line":9,"column":67}},"type":"binary-expr","locations":[{"start":{"line":9,"column":46},"end":{"line":9,"column":49}},{"start":{"line":9,"column":53},"end":{"line":9,"column":67}}],"line":9}},"s":{"0":1,"1":1,"2":1,"3":3,"4":1,"5":1,"6":1,"7":1,"8":1,"9":1,"10":1,"11":1},"f":{"0":3},"b":{"0":[1,2],"1":[3,3]},"_coverageSchema":"43e27e138ebf9cfc5966b082cf9a028302ed4184","hash":"d69f4e9a97de4e8deec124bd3de58902f4f94865","contentHash":"193253643f83b1fa3898335229bf2b8190278df8157a17f3e97b5afe2d9f959c"},"C:\\Users\\USER\\Documents\\GitHub\\Atmart\\build\\usingDB\\controller\\carController.js":{"path":"C:\\Users\\USER\\Documents\\GitHub\\Atmart\\build\\usingDB\\controller\\carController.js","statementMap":{"0":{"start":{"line":3,"column":0},"end":{"line":5,"column":3}},"1":{"start":{"line":6,"column":0},"end":{"line":6,"column":28}},"2":{"start":{"line":8,"column":0},"end":{"line":8,"column":27}},"3":{"start":{"line":10,"column":14},"end":{"line":10,"column":55}},"4":{"start":{"line":12,"column":9},"end":{"line":12,"column":51}},"5":{"start":{"line":14,"column":10},"end":{"line":14,"column":50}},"6":{"start":{"line":16,"column":39},"end":{"line":16,"column":95}},"7":{"start":{"line":18,"column":77},"end":{"line":18,"column":175}},"8":{"start":{"line":18,"column":94},"end":{"line":18,"column":107}},"9":{"start":{"line":18,"column":121},"end":{"line":18,"column":131}},"10":{"start":{"line":18,"column":151},"end":{"line":18,"column":165}},"11":{"start":{"line":18,"column":166},"end":{"line":18,"column":173}},"12":{"start":{"line":18,"column":176},"end":{"line":18,"column":263}},"13":{"start":{"line":18,"column":193},"end":{"line":18,"column":208}},"14":{"start":{"line":18,"column":218},"end":{"line":18,"column":261}},"15":{"start":{"line":20,"column":33},"end":{"line":20,"column":387}},"16":{"start":{"line":20,"column":65},"end":{"line":20,"column":69}},"17":{"start":{"line":20,"column":78},"end":{"line":20,"column":87}},"18":{"start":{"line":20,"column":89},"end":{"line":20,"column":384}},"19":{"start":{"line":20,"column":147},"end":{"line":20,"column":167}},"20":{"start":{"line":20,"column":193},"end":{"line":20,"column":264}},"21":{"start":{"line":20,"column":290},"end":{"line":20,"column":360}},"22":{"start":{"line":20,"column":363},"end":{"line":20,"column":380}},"23":{"start":{"line":22,"column":10},"end":{"line":606,"column":1}},"24":{"start":{"line":30,"column":18},"end":{"line":80,"column":7}},"25":{"start":{"line":35,"column":6},"end":{"line":79,"column":35}},"26":{"start":{"line":36,"column":8},"end":{"line":78,"column":9}},"27":{"start":{"line":37,"column":10},"end":{"line":77,"column":11}},"28":{"start":{"line":39,"column":14},"end":{"line":39,"column":209}},"29":{"start":{"line":40,"column":14},"end":{"line":40,"column":244}},"30":{"start":{"line":41,"column":14},"end":{"line":41,"column":32}},"31":{"start":{"line":43,"column":14},"end":{"line":46,"column":15}},"32":{"start":{"line":44,"column":16},"end":{"line":44,"column":34}},"33":{"start":{"line":45,"column":16},"end":{"line":45,"column":22}},"34":{"start":{"line":48,"column":14},"end":{"line":51,"column":18}},"35":{"start":{"line":54,"column":14},"end":{"line":54,"column":32}},"36":{"start":{"line":55,"column":14},"end":{"line":55,"column":56}},"37":{"start":{"line":58,"column":14},"end":{"line":58,"column":35}},"38":{"start":{"line":59,"column":14},"end":{"line":59,"column":31}},"39":{"start":{"line":60,"column":14},"end":{"line":60,"column":29}},"40":{"start":{"line":61,"column":14},"end":{"line":64,"column":18}},"41":{"start":{"line":67,"column":14},"end":{"line":67,"column":33}},"42":{"start":{"line":68,"column":14},"end":{"line":68,"column":49}},"43":{"start":{"line":69,"column":14},"end":{"line":72,"column":18}},"44":{"start":{"line":76,"column":14},"end":{"line":76,"column":37}},"45":{"start":{"line":83,"column":6},"end":{"line":83,"column":44}},"46":{"start":{"line":86,"column":4},"end":{"line":86,"column":18}},"47":{"start":{"line":96,"column":18},"end":{"line":146,"column":7}},"48":{"start":{"line":101,"column":6},"end":{"line":145,"column":36}},"49":{"start":{"line":102,"column":8},"end":{"line":144,"column":9}},"50":{"start":{"line":103,"column":10},"end":{"line":143,"column":11}},"51":{"start":{"line":105,"column":14},"end":{"line":105,"column":56}},"52":{"start":{"line":106,"column":14},"end":{"line":106,"column":33}},"53":{"start":{"line":107,"column":14},"end":{"line":107,"column":47}},"54":{"start":{"line":108,"column":14},"end":{"line":108,"column":33}},"55":{"start":{"line":109,"column":14},"end":{"line":109,"column":65}},"56":{"start":{"line":112,"column":14},"end":{"line":112,"column":37}},"57":{"start":{"line":113,"column":14},"end":{"line":113,"column":32}},"58":{"start":{"line":115,"column":14},"end":{"line":118,"column":15}},"59":{"start":{"line":116,"column":16},"end":{"line":116,"column":35}},"60":{"start":{"line":117,"column":16},"end":{"line":117,"column":22}},"61":{"start":{"line":120,"column":14},"end":{"line":123,"column":18}},"62":{"start":{"line":126,"column":14},"end":{"line":126,"column":28}},"63":{"start":{"line":127,"column":14},"end":{"line":130,"column":18}},"64":{"start":{"line":133,"column":14},"end":{"line":133,"column":34}},"65":{"start":{"line":134,"column":14},"end":{"line":134,"column":51}},"66":{"start":{"line":135,"column":14},"end":{"line":138,"column":18}},"67":{"start":{"line":142,"column":14},"end":{"line":142,"column":38}},"68":{"start":{"line":149,"column":6},"end":{"line":149,"column":44}},"69":{"start":{"line":152,"column":4},"end":{"line":152,"column":18}},"70":{"start":{"line":162,"column":26},"end":{"line":231,"column":7}},"71":{"start":{"line":167,"column":6},"end":{"line":230,"column":36}},"72":{"start":{"line":168,"column":8},"end":{"line":229,"column":9}},"73":{"start":{"line":169,"column":10},"end":{"line":228,"column":11}},"74":{"start":{"line":171,"column":14},"end":{"line":171,"column":62}},"75":{"start":{"line":172,"column":14},"end":{"line":172,"column":114}},"76":{"start":{"line":173,"column":14},"end":{"line":173,"column":33}},"77":{"start":{"line":175,"column":14},"end":{"line":178,"column":15}},"78":{"start":{"line":176,"column":16},"end":{"line":176,"column":35}},"79":{"start":{"line":177,"column":16},"end":{"line":177,"column":22}},"80":{"start":{"line":180,"column":14},"end":{"line":183,"column":18}},"81":{"start":{"line":186,"column":14},"end":{"line":186,"column":47}},"82":{"start":{"line":187,"column":14},"end":{"line":187,"column":33}},"83":{"start":{"line":188,"column":14},"end":{"line":188,"column":73}},"84":{"start":{"line":191,"column":14},"end":{"line":191,"column":37}},"85":{"start":{"line":192,"column":14},"end":{"line":192,"column":32}},"86":{"start":{"line":194,"column":14},"end":{"line":197,"column":15}},"87":{"start":{"line":195,"column":16},"end":{"line":195,"column":36}},"88":{"start":{"line":196,"column":16},"end":{"line":196,"column":22}},"89":{"start":{"line":199,"column":14},"end":{"line":202,"column":18}},"90":{"start":{"line":205,"column":14},"end":{"line":205,"column":92}},"91":{"start":{"line":206,"column":14},"end":{"line":206,"column":34}},"92":{"start":{"line":207,"column":14},"end":{"line":207,"column":66}},"93":{"start":{"line":210,"column":14},"end":{"line":210,"column":40}},"94":{"start":{"line":211,"column":14},"end":{"line":211,"column":43}},"95":{"start":{"line":212,"column":14},"end":{"line":215,"column":18}},"96":{"start":{"line":218,"column":14},"end":{"line":218,"column":34}},"97":{"start":{"line":219,"column":14},"end":{"line":219,"column":51}},"98":{"start":{"line":220,"column":14},"end":{"line":223,"column":18}},"99":{"start":{"line":227,"column":14},"end":{"line":227,"column":38}},"100":{"start":{"line":234,"column":6},"end":{"line":234,"column":52}},"101":{"start":{"line":237,"column":4},"end":{"line":237,"column":26}},"102":{"start":{"line":247,"column":18},"end":{"line":449,"column":7}},"103":{"start":{"line":252,"column":6},"end":{"line":448,"column":86}},"104":{"start":{"line":253,"column":8},"end":{"line":447,"column":9}},"105":{"start":{"line":254,"column":10},"end":{"line":446,"column":11}},"106":{"start":{"line":256,"column":14},"end":{"line":259,"column":15}},"107":{"start":{"line":257,"column":16},"end":{"line":257,"column":36}},"108":{"start":{"line":258,"column":16},"end":{"line":258,"column":22}},"109":{"start":{"line":261,"column":14},"end":{"line":264,"column":15}},"110":{"start":{"line":262,"column":16},"end":{"line":262,"column":36}},"111":{"start":{"line":263,"column":16},"end":{"line":263,"column":22}},"112":{"start":{"line":266,"column":14},"end":{"line":266,"column":97}},"113":{"start":{"line":267,"column":14},"end":{"line":267,"column":33}},"114":{"start":{"line":268,"column":14},"end":{"line":268,"column":33}},"115":{"start":{"line":269,"column":14},"end":{"line":269,"column":58}},"116":{"start":{"line":272,"column":14},"end":{"line":272,"column":37}},"117":{"start":{"line":273,"column":14},"end":{"line":273,"column":32}},"118":{"start":{"line":274,"column":14},"end":{"line":276,"column":18}},"119":{"start":{"line":279,"column":14},"end":{"line":279,"column":34}},"120":{"start":{"line":280,"column":14},"end":{"line":280,"column":51}},"121":{"start":{"line":281,"column":14},"end":{"line":284,"column":18}},"122":{"start":{"line":287,"column":14},"end":{"line":290,"column":15}},"123":{"start":{"line":288,"column":16},"end":{"line":288,"column":36}},"124":{"start":{"line":289,"column":16},"end":{"line":289,"column":22}},"125":{"start":{"line":292,"column":14},"end":{"line":292,"column":98}},"126":{"start":{"line":293,"column":14},"end":{"line":293,"column":34}},"127":{"start":{"line":294,"column":14},"end":{"line":294,"column":34}},"128":{"start":{"line":295,"column":14},"end":{"line":295,"column":58}},"129":{"start":{"line":298,"column":14},"end":{"line":298,"column":37}},"130":{"start":{"line":299,"column":14},"end":{"line":299,"column":33}},"131":{"start":{"line":300,"column":14},"end":{"line":302,"column":18}},"132":{"start":{"line":305,"column":14},"end":{"line":305,"column":34}},"133":{"start":{"line":306,"column":14},"end":{"line":306,"column":52}},"134":{"start":{"line":307,"column":14},"end":{"line":310,"column":18}},"135":{"start":{"line":313,"column":14},"end":{"line":316,"column":15}},"136":{"start":{"line":314,"column":16},"end":{"line":314,"column":36}},"137":{"start":{"line":315,"column":16},"end":{"line":315,"column":22}},"138":{"start":{"line":318,"column":14},"end":{"line":318,"column":137}},"139":{"start":{"line":319,"column":14},"end":{"line":319,"column":34}},"140":{"start":{"line":320,"column":14},"end":{"line":320,"column":34}},"141":{"start":{"line":321,"column":14},"end":{"line":321,"column":58}},"142":{"start":{"line":324,"column":14},"end":{"line":324,"column":37}},"143":{"start":{"line":325,"column":14},"end":{"line":325,"column":34}},"144":{"start":{"line":326,"column":14},"end":{"line":329,"column":18}},"145":{"start":{"line":332,"column":14},"end":{"line":332,"column":34}},"146":{"start":{"line":333,"column":14},"end":{"line":333,"column":52}},"147":{"start":{"line":334,"column":14},"end":{"line":337,"column":18}},"148":{"start":{"line":340,"column":14},"end":{"line":343,"column":15}},"149":{"start":{"line":341,"column":16},"end":{"line":341,"column":36}},"150":{"start":{"line":342,"column":16},"end":{"line":342,"column":22}},"151":{"start":{"line":345,"column":14},"end":{"line":345,"column":172}},"152":{"start":{"line":347,"column":14},"end":{"line":347,"column":34}},"153":{"start":{"line":348,"column":14},"end":{"line":348,"column":58}},"154":{"start":{"line":351,"column":14},"end":{"line":351,"column":37}},"155":{"start":{"line":352,"column":14},"end":{"line":352,"column":34}},"156":{"start":{"line":353,"column":14},"end":{"line":353,"column":32}},"157":{"start":{"line":354,"column":14},"end":{"line":357,"column":18}},"158":{"start":{"line":361,"column":14},"end":{"line":361,"column":78}},"159":{"start":{"line":362,"column":14},"end":{"line":362,"column":34}},"160":{"start":{"line":363,"column":14},"end":{"line":363,"column":34}},"161":{"start":{"line":364,"column":14},"end":{"line":364,"column":57}},"162":{"start":{"line":367,"column":14},"end":{"line":367,"column":37}},"163":{"start":{"line":368,"column":14},"end":{"line":368,"column":34}},"164":{"start":{"line":370,"column":14},"end":{"line":373,"column":15}},"165":{"start":{"line":371,"column":16},"end":{"line":371,"column":36}},"166":{"start":{"line":372,"column":16},"end":{"line":372,"column":22}},"167":{"start":{"line":375,"column":14},"end":{"line":378,"column":18}},"168":{"start":{"line":381,"column":14},"end":{"line":384,"column":18}},"169":{"start":{"line":387,"column":14},"end":{"line":387,"column":34}},"170":{"start":{"line":388,"column":14},"end":{"line":388,"column":52}},"171":{"start":{"line":389,"column":14},"end":{"line":392,"column":18}},"172":{"start":{"line":395,"column":14},"end":{"line":398,"column":15}},"173":{"start":{"line":396,"column":16},"end":{"line":396,"column":36}},"174":{"start":{"line":397,"column":16},"end":{"line":397,"column":22}},"175":{"start":{"line":400,"column":14},"end":{"line":400,"column":106}},"176":{"start":{"line":401,"column":14},"end":{"line":401,"column":34}},"177":{"start":{"line":402,"column":14},"end":{"line":402,"column":34}},"178":{"start":{"line":403,"column":14},"end":{"line":403,"column":58}},"179":{"start":{"line":406,"column":14},"end":{"line":406,"column":37}},"180":{"start":{"line":407,"column":14},"end":{"line":407,"column":34}},"181":{"start":{"line":408,"column":14},"end":{"line":411,"column":18}},"182":{"start":{"line":414,"column":14},"end":{"line":414,"column":34}},"183":{"start":{"line":415,"column":14},"end":{"line":415,"column":52}},"184":{"start":{"line":416,"column":14},"end":{"line":419,"column":18}},"185":{"start":{"line":422,"column":14},"end":{"line":422,"column":50}},"186":{"start":{"line":423,"column":14},"end":{"line":423,"column":34}},"187":{"start":{"line":424,"column":14},"end":{"line":424,"column":34}},"188":{"start":{"line":425,"column":14},"end":{"line":425,"column":56}},"189":{"start":{"line":428,"column":14},"end":{"line":428,"column":38}},"190":{"start":{"line":429,"column":14},"end":{"line":429,"column":35}},"191":{"start":{"line":430,"column":14},"end":{"line":433,"column":18}},"192":{"start":{"line":436,"column":14},"end":{"line":436,"column":34}},"193":{"start":{"line":437,"column":14},"end":{"line":437,"column":52}},"194":{"start":{"line":438,"column":14},"end":{"line":441,"column":18}},"195":{"start":{"line":445,"column":14},"end":{"line":445,"column":38}},"196":{"start":{"line":452,"column":6},"end":{"line":452,"column":44}},"197":{"start":{"line":455,"column":4},"end":{"line":455,"column":18}},"198":{"start":{"line":465,"column":27},"end":{"line":533,"column":7}},"199":{"start":{"line":470,"column":6},"end":{"line":532,"column":36}},"200":{"start":{"line":471,"column":8},"end":{"line":531,"column":9}},"201":{"start":{"line":472,"column":10},"end":{"line":530,"column":11}},"202":{"start":{"line":474,"column":14},"end":{"line":474,"column":62}},"203":{"start":{"line":475,"column":14},"end":{"line":475,"column":115}},"204":{"start":{"line":476,"column":14},"end":{"line":476,"column":33}},"205":{"start":{"line":477,"column":14},"end":{"line":477,"column":47}},"206":{"start":{"line":478,"column":14},"end":{"line":478,"column":33}},"207":{"start":{"line":479,"column":14},"end":{"line":479,"column":73}},"208":{"start":{"line":482,"column":14},"end":{"line":482,"column":38}},"209":{"start":{"line":483,"column":14},"end":{"line":483,"column":33}},"210":{"start":{"line":485,"column":14},"end":{"line":488,"column":15}},"211":{"start":{"line":486,"column":16},"end":{"line":486,"column":36}},"212":{"start":{"line":487,"column":16},"end":{"line":487,"column":22}},"213":{"start":{"line":490,"column":14},"end":{"line":493,"column":18}},"214":{"start":{"line":496,"column":14},"end":{"line":499,"column":15}},"215":{"start":{"line":497,"column":16},"end":{"line":497,"column":36}},"216":{"start":{"line":498,"column":16},"end":{"line":498,"column":22}},"217":{"start":{"line":501,"column":14},"end":{"line":504,"column":18}},"218":{"start":{"line":507,"column":14},"end":{"line":507,"column":93}},"219":{"start":{"line":508,"column":14},"end":{"line":508,"column":34}},"220":{"start":{"line":509,"column":14},"end":{"line":509,"column":66}},"221":{"start":{"line":512,"column":14},"end":{"line":512,"column":40}},"222":{"start":{"line":513,"column":14},"end":{"line":513,"column":50}},"223":{"start":{"line":514,"column":14},"end":{"line":517,"column":18}},"224":{"start":{"line":520,"column":14},"end":{"line":520,"column":34}},"225":{"start":{"line":521,"column":14},"end":{"line":521,"column":51}},"226":{"start":{"line":522,"column":14},"end":{"line":525,"column":18}},"227":{"start":{"line":529,"column":14},"end":{"line":529,"column":38}},"228":{"start":{"line":536,"column":6},"end":{"line":536,"column":53}},"229":{"start":{"line":539,"column":4},"end":{"line":539,"column":27}},"230":{"start":{"line":549,"column":19},"end":{"line":598,"column":7}},"231":{"start":{"line":554,"column":6},"end":{"line":597,"column":36}},"232":{"start":{"line":555,"column":8},"end":{"line":596,"column":9}},"233":{"start":{"line":556,"column":10},"end":{"line":595,"column":11}},"234":{"start":{"line":558,"column":14},"end":{"line":558,"column":71}},"235":{"start":{"line":559,"column":14},"end":{"line":559,"column":33}},"236":{"start":{"line":560,"column":14},"end":{"line":560,"column":47}},"237":{"start":{"line":561,"column":14},"end":{"line":561,"column":33}},"238":{"start":{"line":562,"column":14},"end":{"line":562,"column":72}},"239":{"start":{"line":565,"column":14},"end":{"line":565,"column":38}},"240":{"start":{"line":566,"column":14},"end":{"line":566,"column":33}},"241":{"start":{"line":568,"column":14},"end":{"line":571,"column":15}},"242":{"start":{"line":569,"column":16},"end":{"line":569,"column":35}},"243":{"start":{"line":570,"column":16},"end":{"line":570,"column":22}},"244":{"start":{"line":573,"column":14},"end":{"line":576,"column":18}},"245":{"start":{"line":579,"column":14},"end":{"line":582,"column":18}},"246":{"start":{"line":585,"column":14},"end":{"line":585,"column":34}},"247":{"start":{"line":586,"column":14},"end":{"line":586,"column":51}},"248":{"start":{"line":587,"column":14},"end":{"line":590,"column":18}},"249":{"start":{"line":594,"column":14},"end":{"line":594,"column":38}},"250":{"start":{"line":601,"column":6},"end":{"line":601,"column":45}},"251":{"start":{"line":604,"column":4},"end":{"line":604,"column":19}},"252":{"start":{"line":607,"column":15},"end":{"line":607,"column":18}},"253":{"start":{"line":608,"column":0},"end":{"line":608,"column":30}}},"fnMap":{"0":{"name":"_interopRequireDefault","decl":{"start":{"line":16,"column":9},"end":{"line":16,"column":31}},"loc":{"start":{"line":16,"column":37},"end":{"line":16,"column":97}},"line":16},"1":{"name":"asyncGeneratorStep","decl":{"start":{"line":18,"column":9},"end":{"line":18,"column":27}},"loc":{"start":{"line":18,"column":75},"end":{"line":18,"column":265}},"line":18},"2":{"name":"_asyncToGenerator","decl":{"start":{"line":20,"column":9},"end":{"line":20,"column":26}},"loc":{"start":{"line":20,"column":31},"end":{"line":20,"column":389}},"line":20},"3":{"name":"(anonymous_3)","decl":{"start":{"line":20,"column":40},"end":{"line":20,"column":41}},"loc":{"start":{"line":20,"column":52},"end":{"line":20,"column":386}},"line":20},"4":{"name":"(anonymous_4)","decl":{"start":{"line":20,"column":108},"end":{"line":20,"column":109}},"loc":{"start":{"line":20,"column":135},"end":{"line":20,"column":382}},"line":20},"5":{"name":"_next","decl":{"start":{"line":20,"column":178},"end":{"line":20,"column":183}},"loc":{"start":{"line":20,"column":191},"end":{"line":20,"column":266}},"line":20},"6":{"name":"_throw","decl":{"start":{"line":20,"column":276},"end":{"line":20,"column":282}},"loc":{"start":{"line":20,"column":288},"end":{"line":20,"column":362}},"line":20},"7":{"name":"(anonymous_7)","decl":{"start":{"line":29,"column":10},"end":{"line":29,"column":11}},"loc":{"start":{"line":29,"column":22},"end":{"line":87,"column":3}},"line":29},"8":{"name":"_callee","decl":{"start":{"line":32,"column":37},"end":{"line":32,"column":44}},"loc":{"start":{"line":32,"column":55},"end":{"line":80,"column":5}},"line":32},"9":{"name":"_callee$","decl":{"start":{"line":35,"column":46},"end":{"line":35,"column":54}},"loc":{"start":{"line":35,"column":65},"end":{"line":79,"column":7}},"line":35},"10":{"name":"create","decl":{"start":{"line":82,"column":13},"end":{"line":82,"column":19}},"loc":{"start":{"line":82,"column":29},"end":{"line":84,"column":5}},"line":82},"11":{"name":"(anonymous_11)","decl":{"start":{"line":95,"column":10},"end":{"line":95,"column":11}},"loc":{"start":{"line":95,"column":22},"end":{"line":153,"column":3}},"line":95},"12":{"name":"_callee2","decl":{"start":{"line":98,"column":37},"end":{"line":98,"column":45}},"loc":{"start":{"line":98,"column":56},"end":{"line":146,"column":5}},"line":98},"13":{"name":"_callee2$","decl":{"start":{"line":101,"column":46},"end":{"line":101,"column":55}},"loc":{"start":{"line":101,"column":67},"end":{"line":145,"column":7}},"line":101},"14":{"name":"getOne","decl":{"start":{"line":148,"column":13},"end":{"line":148,"column":19}},"loc":{"start":{"line":148,"column":30},"end":{"line":150,"column":5}},"line":148},"15":{"name":"(anonymous_15)","decl":{"start":{"line":161,"column":18},"end":{"line":161,"column":19}},"loc":{"start":{"line":161,"column":30},"end":{"line":238,"column":3}},"line":161},"16":{"name":"_callee3","decl":{"start":{"line":164,"column":37},"end":{"line":164,"column":45}},"loc":{"start":{"line":164,"column":56},"end":{"line":231,"column":5}},"line":164},"17":{"name":"_callee3$","decl":{"start":{"line":167,"column":46},"end":{"line":167,"column":55}},"loc":{"start":{"line":167,"column":67},"end":{"line":230,"column":7}},"line":167},"18":{"name":"getUpdatePrice","decl":{"start":{"line":233,"column":13},"end":{"line":233,"column":27}},"loc":{"start":{"line":233,"column":38},"end":{"line":235,"column":5}},"line":233},"19":{"name":"(anonymous_19)","decl":{"start":{"line":246,"column":10},"end":{"line":246,"column":11}},"loc":{"start":{"line":246,"column":22},"end":{"line":456,"column":3}},"line":246},"20":{"name":"_callee4","decl":{"start":{"line":249,"column":37},"end":{"line":249,"column":45}},"loc":{"start":{"line":249,"column":56},"end":{"line":449,"column":5}},"line":249},"21":{"name":"_callee4$","decl":{"start":{"line":252,"column":46},"end":{"line":252,"column":55}},"loc":{"start":{"line":252,"column":67},"end":{"line":448,"column":7}},"line":252},"22":{"name":"getAll","decl":{"start":{"line":451,"column":13},"end":{"line":451,"column":19}},"loc":{"start":{"line":451,"column":30},"end":{"line":453,"column":5}},"line":451},"23":{"name":"(anonymous_23)","decl":{"start":{"line":464,"column":19},"end":{"line":464,"column":20}},"loc":{"start":{"line":464,"column":31},"end":{"line":540,"column":3}},"line":464},"24":{"name":"_callee5","decl":{"start":{"line":467,"column":37},"end":{"line":467,"column":45}},"loc":{"start":{"line":467,"column":56},"end":{"line":533,"column":5}},"line":467},"25":{"name":"_callee5$","decl":{"start":{"line":470,"column":46},"end":{"line":470,"column":55}},"loc":{"start":{"line":470,"column":67},"end":{"line":532,"column":7}},"line":470},"26":{"name":"getUpdateStatus","decl":{"start":{"line":535,"column":13},"end":{"line":535,"column":28}},"loc":{"start":{"line":535,"column":40},"end":{"line":537,"column":5}},"line":535},"27":{"name":"(anonymous_27)","decl":{"start":{"line":548,"column":12},"end":{"line":548,"column":13}},"loc":{"start":{"line":548,"column":24},"end":{"line":605,"column":3}},"line":548},"28":{"name":"_callee6","decl":{"start":{"line":551,"column":37},"end":{"line":551,"column":45}},"loc":{"start":{"line":551,"column":56},"end":{"line":598,"column":5}},"line":551},"29":{"name":"_callee6$","decl":{"start":{"line":554,"column":46},"end":{"line":554,"column":55}},"loc":{"start":{"line":554,"column":67},"end":{"line":597,"column":7}},"line":554},"30":{"name":"_delete","decl":{"start":{"line":600,"column":13},"end":{"line":600,"column":20}},"loc":{"start":{"line":600,"column":33},"end":{"line":602,"column":5}},"line":600}},"branchMap":{"0":{"loc":{"start":{"line":16,"column":46},"end":{"line":16,"column":94}},"type":"cond-expr","locations":[{"start":{"line":16,"column":70},"end":{"line":16,"column":73}},{"start":{"line":16,"column":76},"end":{"line":16,"column":94}}],"line":16},"1":{"loc":{"start":{"line":16,"column":46},"end":{"line":16,"column":67}},"type":"binary-expr","locations":[{"start":{"line":16,"column":46},"end":{"line":16,"column":49}},{"start":{"line":16,"column":53},"end":{"line":16,"column":67}}],"line":16},"2":{"loc":{"start":{"line":18,"column":176},"end":{"line":18,"column":263}},"type":"if","locations":[{"start":{"line":18,"column":176},"end":{"line":18,"column":263}},{"start":{"line":18,"column":176},"end":{"line":18,"column":263}}],"line":18},"3":{"loc":{"start":{"line":37,"column":10},"end":{"line":77,"column":11}},"type":"switch","locations":[{"start":{"line":38,"column":12},"end":{"line":51,"column":18}},{"start":{"line":53,"column":12},"end":{"line":55,"column":56}},{"start":{"line":57,"column":12},"end":{"line":64,"column":18}},{"start":{"line":66,"column":12},"end":{"line":72,"column":18}},{"start":{"line":74,"column":12},"end":{"line":74,"column":20}},{"start":{"line":75,"column":12},"end":{"line":76,"column":37}}],"line":37},"4":{"loc":{"start":{"line":43,"column":14},"end":{"line":46,"column":15}},"type":"if","locations":[{"start":{"line":43,"column":14},"end":{"line":46,"column":15}},{"start":{"line":43,"column":14},"end":{"line":46,"column":15}}],"line":43},"5":{"loc":{"start":{"line":43,"column":20},"end":{"line":43,"column":80}},"type":"binary-expr","locations":[{"start":{"line":43,"column":20},"end":{"line":43,"column":35}},{"start":{"line":43,"column":39},"end":{"line":43,"column":54}},{"start":{"line":43,"column":58},"end":{"line":43,"column":80}}],"line":43},"6":{"loc":{"start":{"line":103,"column":10},"end":{"line":143,"column":11}},"type":"switch","locations":[{"start":{"line":104,"column":12},"end":{"line":109,"column":65}},{"start":{"line":111,"column":12},"end":{"line":123,"column":18}},{"start":{"line":125,"column":12},"end":{"line":130,"column":18}},{"start":{"line":132,"column":12},"end":{"line":138,"column":18}},{"start":{"line":140,"column":12},"end":{"line":140,"column":20}},{"start":{"line":141,"column":12},"end":{"line":142,"column":38}}],"line":103},"7":{"loc":{"start":{"line":115,"column":14},"end":{"line":118,"column":15}},"type":"if","locations":[{"start":{"line":115,"column":14},"end":{"line":118,"column":15}},{"start":{"line":115,"column":14},"end":{"line":118,"column":15}}],"line":115},"8":{"loc":{"start":{"line":169,"column":10},"end":{"line":228,"column":11}},"type":"switch","locations":[{"start":{"line":170,"column":12},"end":{"line":183,"column":18}},{"start":{"line":185,"column":12},"end":{"line":188,"column":73}},{"start":{"line":190,"column":12},"end":{"line":202,"column":18}},{"start":{"line":204,"column":12},"end":{"line":207,"column":66}},{"start":{"line":209,"column":12},"end":{"line":215,"column":18}},{"start":{"line":217,"column":12},"end":{"line":223,"column":18}},{"start":{"line":225,"column":12},"end":{"line":225,"column":20}},{"start":{"line":226,"column":12},"end":{"line":227,"column":38}}],"line":169},"9":{"loc":{"start":{"line":175,"column":14},"end":{"line":178,"column":15}},"type":"if","locations":[{"start":{"line":175,"column":14},"end":{"line":178,"column":15}},{"start":{"line":175,"column":14},"end":{"line":178,"column":15}}],"line":175},"10":{"loc":{"start":{"line":194,"column":14},"end":{"line":197,"column":15}},"type":"if","locations":[{"start":{"line":194,"column":14},"end":{"line":197,"column":15}},{"start":{"line":194,"column":14},"end":{"line":197,"column":15}}],"line":194},"11":{"loc":{"start":{"line":254,"column":10},"end":{"line":446,"column":11}},"type":"switch","locations":[{"start":{"line":255,"column":12},"end":{"line":269,"column":58}},{"start":{"line":271,"column":12},"end":{"line":276,"column":18}},{"start":{"line":278,"column":12},"end":{"line":284,"column":18}},{"start":{"line":286,"column":12},"end":{"line":295,"column":58}},{"start":{"line":297,"column":12},"end":{"line":302,"column":18}},{"start":{"line":304,"column":12},"end":{"line":310,"column":18}},{"start":{"line":312,"column":12},"end":{"line":321,"column":58}},{"start":{"line":323,"column":12},"end":{"line":329,"column":18}},{"start":{"line":331,"column":12},"end":{"line":337,"column":18}},{"start":{"line":339,"column":12},"end":{"line":348,"column":58}},{"start":{"line":350,"column":12},"end":{"line":357,"column":18}},{"start":{"line":359,"column":12},"end":{"line":364,"column":57}},{"start":{"line":366,"column":12},"end":{"line":378,"column":18}},{"start":{"line":380,"column":12},"end":{"line":384,"column":18}},{"start":{"line":386,"column":12},"end":{"line":392,"column":18}},{"start":{"line":394,"column":12},"end":{"line":403,"column":58}},{"start":{"line":405,"column":12},"end":{"line":411,"column":18}},{"start":{"line":413,"column":12},"end":{"line":419,"column":18}},{"start":{"line":421,"column":12},"end":{"line":425,"column":56}},{"start":{"line":427,"column":12},"end":{"line":433,"column":18}},{"start":{"line":435,"column":12},"end":{"line":441,"column":18}},{"start":{"line":443,"column":12},"end":{"line":443,"column":20}},{"start":{"line":444,"column":12},"end":{"line":445,"column":38}}],"line":254},"12":{"loc":{"start":{"line":256,"column":14},"end":{"line":259,"column":15}},"type":"if","locations":[{"start":{"line":256,"column":14},"end":{"line":259,"column":15}},{"start":{"line":256,"column":14},"end":{"line":259,"column":15}}],"line":256},"13":{"loc":{"start":{"line":261,"column":14},"end":{"line":264,"column":15}},"type":"if","locations":[{"start":{"line":261,"column":14},"end":{"line":264,"column":15}},{"start":{"line":261,"column":14},"end":{"line":264,"column":15}}],"line":261},"14":{"loc":{"start":{"line":287,"column":14},"end":{"line":290,"column":15}},"type":"if","locations":[{"start":{"line":287,"column":14},"end":{"line":290,"column":15}},{"start":{"line":287,"column":14},"end":{"line":290,"column":15}}],"line":287},"15":{"loc":{"start":{"line":313,"column":14},"end":{"line":316,"column":15}},"type":"if","locations":[{"start":{"line":313,"column":14},"end":{"line":316,"column":15}},{"start":{"line":313,"column":14},"end":{"line":316,"column":15}}],"line":313},"16":{"loc":{"start":{"line":340,"column":14},"end":{"line":343,"column":15}},"type":"if","locations":[{"start":{"line":340,"column":14},"end":{"line":343,"column":15}},{"start":{"line":340,"column":14},"end":{"line":343,"column":15}}],"line":340},"17":{"loc":{"start":{"line":370,"column":14},"end":{"line":373,"column":15}},"type":"if","locations":[{"start":{"line":370,"column":14},"end":{"line":373,"column":15}},{"start":{"line":370,"column":14},"end":{"line":373,"column":15}}],"line":370},"18":{"loc":{"start":{"line":395,"column":14},"end":{"line":398,"column":15}},"type":"if","locations":[{"start":{"line":395,"column":14},"end":{"line":398,"column":15}},{"start":{"line":395,"column":14},"end":{"line":398,"column":15}}],"line":395},"19":{"loc":{"start":{"line":472,"column":10},"end":{"line":530,"column":11}},"type":"switch","locations":[{"start":{"line":473,"column":12},"end":{"line":479,"column":73}},{"start":{"line":481,"column":12},"end":{"line":493,"column":18}},{"start":{"line":495,"column":12},"end":{"line":504,"column":18}},{"start":{"line":506,"column":12},"end":{"line":509,"column":66}},{"start":{"line":511,"column":12},"end":{"line":517,"column":18}},{"start":{"line":519,"column":12},"end":{"line":525,"column":18}},{"start":{"line":527,"column":12},"end":{"line":527,"column":20}},{"start":{"line":528,"column":12},"end":{"line":529,"column":38}}],"line":472},"20":{"loc":{"start":{"line":485,"column":14},"end":{"line":488,"column":15}},"type":"if","locations":[{"start":{"line":485,"column":14},"end":{"line":488,"column":15}},{"start":{"line":485,"column":14},"end":{"line":488,"column":15}}],"line":485},"21":{"loc":{"start":{"line":496,"column":14},"end":{"line":499,"column":15}},"type":"if","locations":[{"start":{"line":496,"column":14},"end":{"line":499,"column":15}},{"start":{"line":496,"column":14},"end":{"line":499,"column":15}}],"line":496},"22":{"loc":{"start":{"line":556,"column":10},"end":{"line":595,"column":11}},"type":"switch","locations":[{"start":{"line":557,"column":12},"end":{"line":562,"column":72}},{"start":{"line":564,"column":12},"end":{"line":576,"column":18}},{"start":{"line":578,"column":12},"end":{"line":582,"column":18}},{"start":{"line":584,"column":12},"end":{"line":590,"column":18}},{"start":{"line":592,"column":12},"end":{"line":592,"column":20}},{"start":{"line":593,"column":12},"end":{"line":594,"column":38}}],"line":556},"23":{"loc":{"start":{"line":568,"column":14},"end":{"line":571,"column":15}},"type":"if","locations":[{"start":{"line":568,"column":14},"end":{"line":571,"column":15}},{"start":{"line":568,"column":14},"end":{"line":571,"column":15}}],"line":568}},"s":{"0":1,"1":1,"2":1,"3":1,"4":1,"5":1,"6":3,"7":19,"8":19,"9":19,"10":0,"11":0,"12":19,"13":9,"14":10,"15":6,"16":9,"17":9,"18":9,"19":9,"20":19,"21":0,"22":9,"23":1,"24":1,"25":5,"26":14,"27":18,"28":5,"29":5,"30":5,"31":5,"32":4,"33":4,"34":1,"35":4,"36":4,"37":4,"38":4,"39":4,"40":4,"41":0,"42":0,"43":0,"44":5,"45":5,"46":1,"47":1,"48":0,"49":0,"50":0,"51":0,"52":0,"53":0,"54":0,"55":0,"56":0,"57":0,"58":0,"59":0,"60":0,"61":0,"62":0,"63":0,"64":0,"65":0,"66":0,"67":0,"68":0,"69":1,"70":1,"71":4,"72":14,"73":20,"74":4,"75":4,"76":4,"77":4,"78":3,"79":3,"80":1,"81":3,"82":3,"83":3,"84":3,"85":3,"86":3,"87":3,"88":3,"89":0,"90":3,"91":3,"92":3,"93":3,"94":3,"95":3,"96":0,"97":0,"98":0,"99":4,"100":4,"101":1,"102":1,"103":0,"104":0,"105":0,"106":0,"107":0,"108":0,"109":0,"110":0,"111":0,"112":0,"113":0,"114":0,"115":0,"116":0,"117":0,"118":0,"119":0,"120":0,"121":0,"122":0,"123":0,"124":0,"125":0,"126":0,"127":0,"128":0,"129":0,"130":0,"131":0,"132":0,"133":0,"134":0,"135":0,"136":0,"137":0,"138":0,"139":0,"140":0,"141":0,"142":0,"143":0,"144":0,"145":0,"146":0,"147":0,"148":0,"149":0,"150":0,"151":0,"152":0,"153":0,"154":0,"155":0,"156":0,"157":0,"158":0,"159":0,"160":0,"161":0,"162":0,"163":0,"164":0,"165":0,"166":0,"167":0,"168":0,"169":0,"170":0,"171":0,"172":0,"173":0,"174":0,"175":0,"176":0,"177":0,"178":0,"179":0,"180":0,"181":0,"182":0,"183":0,"184":0,"185":0,"186":0,"187":0,"188":0,"189":0,"190":0,"191":0,"192":0,"193":0,"194":0,"195":0,"196":0,"197":1,"198":1,"199":0,"200":0,"201":0,"202":0,"203":0,"204":0,"205":0,"206":0,"207":0,"208":0,"209":0,"210":0,"211":0,"212":0,"213":0,"214":0,"215":0,"216":0,"217":0,"218":0,"219":0,"220":0,"221":0,"222":0,"223":0,"224":0,"225":0,"226":0,"227":0,"228":0,"229":1,"230":1,"231":0,"232":0,"233":0,"234":0,"235":0,"236":0,"237":0,"238":0,"239":0,"240":0,"241":0,"242":0,"243":0,"244":0,"245":0,"246":0,"247":0,"248":0,"249":0,"250":0,"251":1,"252":1,"253":1},"f":{"0":3,"1":19,"2":6,"3":9,"4":9,"5":19,"6":0,"7":1,"8":5,"9":14,"10":5,"11":1,"12":0,"13":0,"14":0,"15":1,"16":4,"17":14,"18":4,"19":1,"20":0,"21":0,"22":0,"23":1,"24":0,"25":0,"26":0,"27":1,"28":0,"29":0,"30":0},"b":{"0":[1,2],"1":[3,3],"2":[9,10],"3":[5,4,4,0,0,5],"4":[4,1],"5":[5,4,4],"6":[0,0,0,0,0,0],"7":[0,0],"8":[4,3,3,3,3,0,0,4],"9":[3,1],"10":[3,0],"11":[0,0,0,0,0,0,0,0,0,0,0,0,0,0,0,0,0,0,0,0,0,0,0],"12":[0,0],"13":[0,0],"14":[0,0],"15":[0,0],"16":[0,0],"17":[0,0],"18":[0,0],"19":[0,0,0,0,0,0,0,0],"20":[0,0],"21":[0,0],"22":[0,0,0,0,0,0],"23":[0,0]},"_coverageSchema":"43e27e138ebf9cfc5966b082cf9a028302ed4184","hash":"5704413d888aab429b9e7b3c36186f0d971d7e63","contentHash":"9883caa573d09aba5c38c3fbc25d0528e7b3f116bdaf99e2b1a361d0d5390e19"},"C:\\Users\\USER\\Documents\\GitHub\\Atmart\\build\\usingDB\\db\\index.js":{"path":"C:\\Users\\USER\\Documents\\GitHub\\Atmart\\build\\usingDB\\db\\index.js","statementMap":{"0":{"start":{"line":3,"column":0},"end":{"line":5,"column":3}},"1":{"start":{"line":6,"column":0},"end":{"line":6,"column":28}},"2":{"start":{"line":8,"column":10},"end":{"line":8,"column":23}},"3":{"start":{"line":10,"column":14},"end":{"line":10,"column":55}},"4":{"start":{"line":12,"column":39},"end":{"line":12,"column":95}},"5":{"start":{"line":15,"column":0},"end":{"line":15,"column":28}},"6":{"start":{"line":17,"column":11},"end":{"line":17,"column":25}},"7":{"start":{"line":19,"column":0},"end":{"line":29,"column":1}},"8":{"start":{"line":20,"column":2},"end":{"line":23,"column":5}},"9":{"start":{"line":25,"column":2},"end":{"line":28,"column":5}},"10":{"start":{"line":31,"column":15},"end":{"line":47,"column":1}},"11":{"start":{"line":39,"column":4},"end":{"line":45,"column":7}},"12":{"start":{"line":40,"column":6},"end":{"line":44,"column":9}},"13":{"start":{"line":41,"column":8},"end":{"line":41,"column":21}},"14":{"start":{"line":43,"column":8},"end":{"line":43,"column":20}},"15":{"start":{"line":48,"column":0},"end":{"line":48,"column":30}}},"fnMap":{"0":{"name":"_interopRequireDefault","decl":{"start":{"line":12,"column":9},"end":{"line":12,"column":31}},"loc":{"start":{"line":12,"column":37},"end":{"line":12,"column":97}},"line":12},"1":{"name":"query","decl":{"start":{"line":38,"column":18},"end":{"line":38,"column":23}},"loc":{"start":{"line":38,"column":38},"end":{"line":46,"column":3}},"line":38},"2":{"name":"(anonymous_2)","decl":{"start":{"line":39,"column":23},"end":{"line":39,"column":24}},"loc":{"start":{"line":39,"column":50},"end":{"line":45,"column":5}},"line":39},"3":{"name":"(anonymous_3)","decl":{"start":{"line":40,"column":36},"end":{"line":40,"column":37}},"loc":{"start":{"line":40,"column":51},"end":{"line":42,"column":7}},"line":40},"4":{"name":"(anonymous_4)","decl":{"start":{"line":42,"column":18},"end":{"line":42,"column":19}},"loc":{"start":{"line":42,"column":33},"end":{"line":44,"column":7}},"line":42}},"branchMap":{"0":{"loc":{"start":{"line":12,"column":46},"end":{"line":12,"column":94}},"type":"cond-expr","locations":[{"start":{"line":12,"column":70},"end":{"line":12,"column":73}},{"start":{"line":12,"column":76},"end":{"line":12,"column":94}}],"line":12},"1":{"loc":{"start":{"line":12,"column":46},"end":{"line":12,"column":67}},"type":"binary-expr","locations":[{"start":{"line":12,"column":46},"end":{"line":12,"column":49}},{"start":{"line":12,"column":53},"end":{"line":12,"column":67}}],"line":12},"2":{"loc":{"start":{"line":19,"column":0},"end":{"line":29,"column":1}},"type":"if","locations":[{"start":{"line":19,"column":0},"end":{"line":29,"column":1}},{"start":{"line":19,"column":0},"end":{"line":29,"column":1}}],"line":19}},"s":{"0":1,"1":1,"2":1,"3":1,"4":1,"5":1,"6":1,"7":1,"8":0,"9":1,"10":1,"11":29,"12":29,"13":29,"14":0,"15":1},"f":{"0":1,"1":29,"2":29,"3":29,"4":0},"b":{"0":[0,1],"1":[1,1],"2":[0,1]},"_coverageSchema":"43e27e138ebf9cfc5966b082cf9a028302ed4184","hash":"3572a85d3cb31fc379a396278038ab1bba0b30df","contentHash":"b5f2bce9a4ccc492d09487a88bcaee2ecea0f489675e5e8cf8554ba279470669"},"C:\\Users\\USER\\Documents\\GitHub\\Atmart\\build\\usingDB\\middleware\\checkAuth.js":{"path":"C:\\Users\\USER\\Documents\\GitHub\\Atmart\\build\\usingDB\\middleware\\checkAuth.js","statementMap":{"0":{"start":{"line":3,"column":20},"end":{"line":3,"column":67}},"1":{"start":{"line":5,"column":39},"end":{"line":5,"column":95}},"2":{"start":{"line":7,"column":0},"end":{"line":23,"column":2}},"3":{"start":{"line":8,"column":2},"end":{"line":20,"column":3}},"4":{"start":{"line":9,"column":16},"end":{"line":9,"column":41}},"5":{"start":{"line":11,"column":17},"end":{"line":11,"column":74}},"6":{"start":{"line":13,"column":4},"end":{"line":13,"column":26}},"7":{"start":{"line":14,"column":4},"end":{"line":14,"column":11}},"8":{"start":{"line":16,"column":4},"end":{"line":19,"column":7}},"9":{"start":{"line":22,"column":2},"end":{"line":22,"column":14}}},"fnMap":{"0":{"name":"_interopRequireDefault","decl":{"start":{"line":5,"column":9},"end":{"line":5,"column":31}},"loc":{"start":{"line":5,"column":37},"end":{"line":5,"column":97}},"line":5},"1":{"name":"(anonymous_1)","decl":{"start":{"line":7,"column":17},"end":{"line":7,"column":18}},"loc":{"start":{"line":7,"column":43},"end":{"line":23,"column":1}},"line":7}},"branchMap":{"0":{"loc":{"start":{"line":5,"column":46},"end":{"line":5,"column":94}},"type":"cond-expr","locations":[{"start":{"line":5,"column":70},"end":{"line":5,"column":73}},{"start":{"line":5,"column":76},"end":{"line":5,"column":94}}],"line":5},"1":{"loc":{"start":{"line":5,"column":46},"end":{"line":5,"column":67}},"type":"binary-expr","locations":[{"start":{"line":5,"column":46},"end":{"line":5,"column":49}},{"start":{"line":5,"column":53},"end":{"line":5,"column":67}}],"line":5}},"s":{"0":1,"1":1,"2":1,"3":27,"4":27,"5":27,"6":22,"7":22,"8":5,"9":22},"f":{"0":1,"1":27},"b":{"0":[0,1],"1":[1,1]},"_coverageSchema":"43e27e138ebf9cfc5966b082cf9a028302ed4184","hash":"e76992d533f12607161e66f448b09f551e26ea26","contentHash":"800cb5f69b7015489442b5bb9f0ff8b2c8bf91cd2045fc892b7fb2083096c8ba"},"C:\\Users\\USER\\Documents\\GitHub\\Atmart\\build\\routes\\user_route.js":{"path":"C:\\Users\\USER\\Documents\\GitHub\\Atmart\\build\\routes\\user_route.js","statementMap":{"0":{"start":{"line":3,"column":15},"end":{"line":3,"column":57}},"1":{"start":{"line":5,"column":22},"end":{"line":5,"column":93}},"2":{"start":{"line":7,"column":17},"end":{"line":7,"column":83}},"3":{"start":{"line":9,"column":39},"end":{"line":9,"column":95}},"4":{"start":{"line":12,"column":13},"end":{"line":12,"column":41}},"5":{"start":{"line":15,"column":0},"end":{"line":15,"column":93}},"6":{"start":{"line":17,"column":0},"end":{"line":17,"column":70}},"7":{"start":{"line":18,"column":0},"end":{"line":18,"column":24}}},"fnMap":{"0":{"name":"_interopRequireDefault","decl":{"start":{"line":9,"column":9},"end":{"line":9,"column":31}},"loc":{"start":{"line":9,"column":37},"end":{"line":9,"column":97}},"line":9}},"branchMap":{"0":{"loc":{"start":{"line":9,"column":46},"end":{"line":9,"column":94}},"type":"cond-expr","locations":[{"start":{"line":9,"column":70},"end":{"line":9,"column":73}},{"start":{"line":9,"column":76},"end":{"line":9,"column":94}}],"line":9},"1":{"loc":{"start":{"line":9,"column":46},"end":{"line":9,"column":67}},"type":"binary-expr","locations":[{"start":{"line":9,"column":46},"end":{"line":9,"column":49}},{"start":{"line":9,"column":53},"end":{"line":9,"column":67}}],"line":9}},"s":{"0":1,"1":1,"2":1,"3":3,"4":1,"5":1,"6":1,"7":1},"f":{"0":3},"b":{"0":[1,2],"1":[3,3]},"_coverageSchema":"43e27e138ebf9cfc5966b082cf9a028302ed4184","hash":"53b5d39940b13f156eb35c190634d85cc19e3b05","contentHash":"36b454c1281beeb808c85352f832b0b3063eae3a96fddb307922671f1a8f0255"},"C:\\Users\\USER\\Documents\\GitHub\\Atmart\\build\\usingDB\\controller\\userController.js":{"path":"C:\\Users\\USER\\Documents\\GitHub\\Atmart\\build\\usingDB\\controller\\userController.js","statementMap":{"0":{"start":{"line":3,"column":0},"end":{"line":5,"column":3}},"1":{"start":{"line":6,"column":0},"end":{"line":6,"column":28}},"2":{"start":{"line":8,"column":0},"end":{"line":8,"column":27}},"3":{"start":{"line":10,"column":20},"end":{"line":10,"column":67}},"4":{"start":{"line":12,"column":14},"end":{"line":12,"column":55}},"5":{"start":{"line":14,"column":9},"end":{"line":14,"column":51}},"6":{"start":{"line":16,"column":14},"end":{"line":16,"column":55}},"7":{"start":{"line":18,"column":10},"end":{"line":18,"column":50}},"8":{"start":{"line":20,"column":39},"end":{"line":20,"column":95}},"9":{"start":{"line":22,"column":77},"end":{"line":22,"column":175}},"10":{"start":{"line":22,"column":94},"end":{"line":22,"column":107}},"11":{"start":{"line":22,"column":121},"end":{"line":22,"column":131}},"12":{"start":{"line":22,"column":151},"end":{"line":22,"column":165}},"13":{"start":{"line":22,"column":166},"end":{"line":22,"column":173}},"14":{"start":{"line":22,"column":176},"end":{"line":22,"column":263}},"15":{"start":{"line":22,"column":193},"end":{"line":22,"column":208}},"16":{"start":{"line":22,"column":218},"end":{"line":22,"column":261}},"17":{"start":{"line":24,"column":33},"end":{"line":24,"column":387}},"18":{"start":{"line":24,"column":65},"end":{"line":24,"column":69}},"19":{"start":{"line":24,"column":78},"end":{"line":24,"column":87}},"20":{"start":{"line":24,"column":89},"end":{"line":24,"column":384}},"21":{"start":{"line":24,"column":147},"end":{"line":24,"column":167}},"22":{"start":{"line":24,"column":193},"end":{"line":24,"column":264}},"23":{"start":{"line":24,"column":290},"end":{"line":24,"column":360}},"24":{"start":{"line":24,"column":363},"end":{"line":24,"column":380}},"25":{"start":{"line":26,"column":11},"end":{"line":188,"column":1}},"26":{"start":{"line":34,"column":18},"end":{"line":96,"column":7}},"27":{"start":{"line":39,"column":6},"end":{"line":95,"column":35}},"28":{"start":{"line":40,"column":8},"end":{"line":94,"column":9}},"29":{"start":{"line":41,"column":10},"end":{"line":93,"column":11}},"30":{"start":{"line":43,"column":14},"end":{"line":43,"column":205}},"31":{"start":{"line":45,"column":14},"end":{"line":48,"column":15}},"32":{"start":{"line":46,"column":16},"end":{"line":46,"column":34}},"33":{"start":{"line":47,"column":16},"end":{"line":47,"column":22}},"34":{"start":{"line":50,"column":14},"end":{"line":53,"column":18}},"35":{"start":{"line":58,"column":14},"end":{"line":58,"column":96}},"36":{"start":{"line":59,"column":14},"end":{"line":68,"column":117}},"37":{"start":{"line":61,"column":16},"end":{"line":65,"column":17}},"38":{"start":{"line":62,"column":18},"end":{"line":64,"column":20}},"39":{"start":{"line":67,"column":16},"end":{"line":67,"column":28}},"40":{"start":{"line":69,"column":14},"end":{"line":69,"column":32}},"41":{"start":{"line":70,"column":14},"end":{"line":70,"column":32}},"42":{"start":{"line":71,"column":14},"end":{"line":71,"column":56}},"43":{"start":{"line":74,"column":14},"end":{"line":74,"column":35}},"44":{"start":{"line":75,"column":14},"end":{"line":75,"column":31}},"45":{"start":{"line":76,"column":14},"end":{"line":76,"column":29}},"46":{"start":{"line":77,"column":14},"end":{"line":80,"column":18}},"47":{"start":{"line":83,"column":14},"end":{"line":83,"column":33}},"48":{"start":{"line":84,"column":14},"end":{"line":84,"column":49}},"49":{"start":{"line":85,"column":14},"end":{"line":88,"column":18}},"50":{"start":{"line":92,"column":14},"end":{"line":92,"column":37}},"51":{"start":{"line":99,"column":6},"end":{"line":99,"column":44}},"52":{"start":{"line":102,"column":4},"end":{"line":102,"column":18}},"53":{"start":{"line":112,"column":18},"end":{"line":180,"column":7}},"54":{"start":{"line":117,"column":6},"end":{"line":179,"column":36}},"55":{"start":{"line":118,"column":8},"end":{"line":178,"column":9}},"56":{"start":{"line":119,"column":10},"end":{"line":177,"column":11}},"57":{"start":{"line":121,"column":14},"end":{"line":121,"column":60}},"58":{"start":{"line":122,"column":14},"end":{"line":122,"column":33}},"59":{"start":{"line":123,"column":14},"end":{"line":123,"column":33}},"60":{"start":{"line":124,"column":14},"end":{"line":124,"column":66}},"61":{"start":{"line":127,"column":14},"end":{"line":127,"column":37}},"62":{"start":{"line":128,"column":14},"end":{"line":128,"column":32}},"63":{"start":{"line":130,"column":14},"end":{"line":133,"column":15}},"64":{"start":{"line":131,"column":16},"end":{"line":131,"column":35}},"65":{"start":{"line":132,"column":16},"end":{"line":132,"column":22}},"66":{"start":{"line":135,"column":14},"end":{"line":138,"column":18}},"67":{"start":{"line":141,"column":14},"end":{"line":158,"column":17}},"68":{"start":{"line":142,"column":16},"end":{"line":147,"column":17}},"69":{"start":{"line":143,"column":18},"end":{"line":146,"column":21}},"70":{"start":{"line":149,"column":16},"end":{"line":155,"column":17}},"71":{"start":{"line":150,"column":35},"end":{"line":150,"column":42}},"72":{"start":{"line":151,"column":18},"end":{"line":154,"column":21}},"73":{"start":{"line":157,"column":16},"end":{"line":157,"column":28}},"74":{"start":{"line":160,"column":14},"end":{"line":160,"column":34}},"75":{"start":{"line":161,"column":14},"end":{"line":161,"column":20}},"76":{"start":{"line":164,"column":14},"end":{"line":164,"column":34}},"77":{"start":{"line":165,"column":14},"end":{"line":165,"column":51}},"78":{"start":{"line":166,"column":14},"end":{"line":169,"column":18}},"79":{"start":{"line":172,"column":14},"end":{"line":172,"column":54}},"80":{"start":{"line":176,"column":14},"end":{"line":176,"column":38}},"81":{"start":{"line":183,"column":6},"end":{"line":183,"column":44}},"82":{"start":{"line":186,"column":4},"end":{"line":186,"column":18}},"83":{"start":{"line":189,"column":15},"end":{"line":189,"column":19}},"84":{"start":{"line":190,"column":0},"end":{"line":190,"column":30}}},"fnMap":{"0":{"name":"_interopRequireDefault","decl":{"start":{"line":20,"column":9},"end":{"line":20,"column":31}},"loc":{"start":{"line":20,"column":37},"end":{"line":20,"column":97}},"line":20},"1":{"name":"asyncGeneratorStep","decl":{"start":{"line":22,"column":9},"end":{"line":22,"column":27}},"loc":{"start":{"line":22,"column":75},"end":{"line":22,"column":265}},"line":22},"2":{"name":"_asyncToGenerator","decl":{"start":{"line":24,"column":9},"end":{"line":24,"column":26}},"loc":{"start":{"line":24,"column":31},"end":{"line":24,"column":389}},"line":24},"3":{"name":"(anonymous_3)","decl":{"start":{"line":24,"column":40},"end":{"line":24,"column":41}},"loc":{"start":{"line":24,"column":52},"end":{"line":24,"column":386}},"line":24},"4":{"name":"(anonymous_4)","decl":{"start":{"line":24,"column":108},"end":{"line":24,"column":109}},"loc":{"start":{"line":24,"column":135},"end":{"line":24,"column":382}},"line":24},"5":{"name":"_next","decl":{"start":{"line":24,"column":178},"end":{"line":24,"column":183}},"loc":{"start":{"line":24,"column":191},"end":{"line":24,"column":266}},"line":24},"6":{"name":"_throw","decl":{"start":{"line":24,"column":276},"end":{"line":24,"column":282}},"loc":{"start":{"line":24,"column":288},"end":{"line":24,"column":362}},"line":24},"7":{"name":"(anonymous_7)","decl":{"start":{"line":33,"column":10},"end":{"line":33,"column":11}},"loc":{"start":{"line":33,"column":22},"end":{"line":103,"column":3}},"line":33},"8":{"name":"_callee","decl":{"start":{"line":36,"column":37},"end":{"line":36,"column":44}},"loc":{"start":{"line":36,"column":55},"end":{"line":96,"column":5}},"line":36},"9":{"name":"_callee$","decl":{"start":{"line":39,"column":46},"end":{"line":39,"column":54}},"loc":{"start":{"line":39,"column":65},"end":{"line":95,"column":7}},"line":39},"10":{"name":"(anonymous_10)","decl":{"sta
[...]
umn":46},"end":{"line":338,"column":56}},"loc":{"start":{"line":338,"column":69},"end":{"line":359,"column":7}},"line":338},"32":{"name":"_callee12","decl":{"start":{"line":365,"column":37},"end":{"line":365,"column":46}},"loc":{"start":{"line":365,"column":49},"end":{"line":391,"column":5}},"line":365},"33":{"name":"_callee12$","decl":{"start":{"line":367,"column":46},"end":{"line":367,"column":56}},"loc":{"start":{"line":367,"column":69},"end":{"line":390,"column":7}},"line":367},"34":{"name":"_callee13","decl":{"start":{"line":396,"column":37},"end":{"line":396,"column":46}},"loc":{"start":{"line":396,"column":49},"end":{"line":419,"column":5}},"line":396},"35":{"name":"_callee13$","decl":{"start":{"line":398,"column":46},"end":{"line":398,"column":56}},"loc":{"start":{"line":398,"column":69},"end":{"line":418,"column":7}},"line":398}},"branchMap":{"0":{"loc":{"start":{"line":9,"column":46},"end":{"line":9,"column":94}},"type":"cond-expr","locations":[{"start":{"line":9,"column":70},"end":{"line":9,"column":73}},{"start":{"line":9,"column":76},"end":{"line":9,"column":94}}],"line":9},"1":{"loc":{"start":{"line":9,"column":46},"end":{"line":9,"column":67}},"type":"binary-expr","locations":[{"start":{"line":9,"column":46},"end":{"line":9,"column":49}},{"start":{"line":9,"column":53},"end":{"line":9,"column":67}}],"line":9},"2":{"loc":{"start":{"line":11,"column":176},"end":{"line":11,"column":263}},"type":"if","locations":[{"start":{"line":11,"column":176},"end":{"line":11,"column":263}},{"start":{"line":11,"column":176},"end":{"line":11,"column":263}}],"line":11},"3":{"loc":{"start":{"line":61,"column":8},"end":{"line":74,"column":9}},"type":"switch","locations":[{"start":{"line":62,"column":10},"end":{"line":64,"column":103}},{"start":{"line":66,"column":10},"end":{"line":69,"column":47}},{"start":{"line":71,"column":10},"end":{"line":71,"column":17}},{"start":{"line":72,"column":10},"end":{"line":73,"column":35}}],"line":61},"4":{"loc":{"start":{"line":86,"column":8},"end":{"line":99,"column":9}},"type":"switch","locations":[{"start":{"line":87,"column":10},"end":{"line":89,"column":130}},{"start":{"line":91,"column":10},"end":{"line":94,"column":50}},{"start":{"line":96,"column":10},"end":{"line":96,"column":17}},{"start":{"line":97,"column":10},"end":{"line":98,"column":36}}],"line":86},"5":{"loc":{"start":{"line":111,"column":8},"end":{"line":124,"column":9}},"type":"switch","locations":[{"start":{"line":112,"column":10},"end":{"line":114,"column":130}},{"start":{"line":116,"column":10},"end":{"line":119,"column":51}},{"start":{"line":121,"column":10},"end":{"line":121,"column":17}},{"start":{"line":122,"column":10},"end":{"line":123,"column":36}}],"line":111},"6":{"loc":{"start":{"line":137,"column":10},"end":{"line":153,"column":11}},"type":"switch","locations":[{"start":{"line":138,"column":12},"end":{"line":140,"column":100}},{"start":{"line":142,"column":12},"end":{"line":148,"column":17}},{"start":{"line":150,"column":12},"end":{"line":150,"column":19}},{"start":{"line":151,"column":12},"end":{"line":152,"column":38}}],"line":137},"7":{"loc":{"start":{"line":165,"column":10},"end":{"line":177,"column":11}},"type":"switch","locations":[{"start":{"line":166,"column":12},"end":{"line":168,"column":132}},{"start":{"line":170,"column":12},"end":{"line":172,"column":46}},{"start":{"line":174,"column":12},"end":{"line":174,"column":19}},{"start":{"line":175,"column":12},"end":{"line":176,"column":38}}],"line":165},"8":{"loc":{"start":{"line":189,"column":10},"end":{"line":211,"column":11}},"type":"switch","locations":[{"start":{"line":190,"column":12},"end":{"line":192,"column":132}},{"start":{"line":194,"column":12},"end":{"line":206,"column":59}},{"start":{"line":208,"column":12},"end":{"line":208,"column":20}},{"start":{"line":209,"column":12},"end":{"line":210,"column":38}}],"line":189},"9":{"loc":{"start":{"line":223,"column":10},"end":{"line":240,"column":11}},"type":"switch","locations":[{"start":{"line":224,"column":12},"end":{"line":226,"column":126}},{"start":{"line":228,"column":12},"end":{"line":235,"column":17}},{"start":{"line":237,"column":12},"end":{"line":237,"column":19}},{"start":{"line":238,"column":12},"end":{"line":239,"column":38}}],"line":223},"10":{"loc":{"start":{"line":254,"column":10},"end":{"line":270,"column":11}},"type":"switch","locations":[{"start":{"line":255,"column":12},"end":{"line":257,"column":131}},{"start":{"line":259,"column":12},"end":{"line":265,"column":17}},{"start":{"line":267,"column":12},"end":{"line":267,"column":19}},{"start":{"line":268,"column":12},"end":{"line":269,"column":38}}],"line":254},"11":{"loc":{"start":{"line":282,"column":10},"end":{"line":294,"column":11}},"type":"switch","locations":[{"start":{"line":283,"column":12},"end":{"line":285,"column":163}},{"start":{"line":287,"column":12},"end":{"line":289,"column":46}},{"start":{"line":291,"column":12},"end":{"line":291,"column":19}},{"start":{"line":292,"column":12},"end":{"line":293,"column":38}}],"line":282},"12":{"loc":{"start":{"line":306,"column":10},"end":{"line":328,"column":11}},"type":"switch","locations":[{"start":{"line":307,"column":12},"end":{"line":309,"column":163}},{"start":{"line":311,"column":12},"end":{"line":323,"column":67}},{"start":{"line":325,"column":12},"end":{"line":325,"column":20}},{"start":{"line":326,"column":12},"end":{"line":327,"column":39}}],"line":306},"13":{"loc":{"start":{"line":340,"column":10},"end":{"line":357,"column":11}},"type":"switch","locations":[{"start":{"line":341,"column":12},"end":{"line":343,"column":157}},{"start":{"line":345,"column":12},"end":{"line":352,"column":17}},{"start":{"line":354,"column":12},"end":{"line":354,"column":19}},{"start":{"line":355,"column":12},"end":{"line":356,"column":39}}],"line":340},"14":{"loc":{"start":{"line":369,"column":10},"end":{"line":388,"column":11}},"type":"switch","locations":[{"start":{"line":370,"column":12},"end":{"line":374,"column":17}},{"start":{"line":376,"column":12},"end":{"line":383,"column":17}},{"start":{"line":385,"column":12},"end":{"line":385,"column":19}},{"start":{"line":386,"column":12},"end":{"line":387,"column":39}}],"line":369},"15":{"loc":{"start":{"line":400,"column":10},"end":{"line":416,"column":11}},"type":"switch","locations":[{"start":{"line":401,"column":12},"end":{"line":405,"column":17}},{"start":{"line":407,"column":12},"end":{"line":411,"column":81}},{"start":{"line":413,"column":12},"end":{"line":413,"column":19}},{"start":{"line":414,"column":12},"end":{"line":415,"column":39}}],"line":400}},"s":{"0":1,"1":1,"2":1,"3":3,"4":26,"5":26,"6":26,"7":0,"8":0,"9":26,"10":13,"11":13,"12":13,"13":13,"14":13,"15":13,"16":13,"17":26,"18":0,"19":13,"20":1,"21":1,"22":1,"23":1,"24":1,"25":1,"26":1,"27":1,"28":1,"29":2,"30":2,"31":1,"32":1,"33":1,"34":1,"35":1,"36":1,"37":1,"38":1,"39":2,"40":2,"41":1,"42":1,"43":1,"44":1,"45":1,"46":1,"47":1,"48":1,"49":2,"50":2,"51":1,"52":1,"53":1,"54":1,"55":1,"56":1,"57":1,"58":1,"59":1,"60":2,"61":2,"62":1,"63":1,"64":1,"65":1,"66":1,"67":1,"68":1,"69":1,"70":2,"71":2,"72":1,"73":1,"74":1,"75":1,"76":1,"77":1,"78":1,"79":2,"80":2,"81":1,"82":1,"83":1,"84":1,"85":1,"86":1,"87":1,"88":1,"89":1,"90":1,"91":1,"92":1,"93":1,"94":1,"95":1,"96":1,"97":1,"98":2,"99":2,"100":1,"101":1,"102":1,"103":1,"104":1,"105":1,"106":1,"107":1,"108":1,"109":1,"110":2,"111":2,"112":1,"113":1,"114":1,"115":1,"116":1,"117":1,"118":1,"119":1,"120":2,"121":2,"122":1,"123":1,"124":1,"125":1,"126":1,"127":1,"128":1,"129":2,"130":2,"131":1,"132":1,"133":1,"134":1,"135":1,"136":1,"137":1,"138":1,"139":1,"140":1,"141":1,"142":1,"143":1,"144":1,"145":1,"146":1,"147":1,"148":2,"149":2,"150":1,"151":1,"152":1,"153":1,"154":1,"155":1,"156":1,"157":1,"158":1,"159":2,"160":2,"161":1,"162":1,"163":1,"164":1,"165":1,"166":1,"167":1,"168":1,"169":1,"170":2,"171":2,"172":1,"173":1,"174":1,"175":1,"176":1,"177":1,"178":1},"f":{"0":3,"1":26,"2":13,"3":13,"4":13,"5":26,"6":0,"7":1,"8":1,"9":2,"10":1,"11":2,"12":1,"13":2,"14":1,"15":1,"16":2,"17":1,"18":2,"19":1,"20":2,"21":1,"22":2,"23":1,"24":1,"25":2,"26":1,"27":2,"28":1,"29":2,"30":1,"31":2,"32":1,"33":2,"34":1,"35":2},"b":{"0":[0,3],"1":[3,3],"2":[13,13],"3":[1,1,1,1],"4":[1,1,1,1],"5":[1,1,1,1],"6":[1,1,1,1],"7":[1,1,1,1],"8":[1,1,1,1],"9":[1,1,1,1],"10":[1,1,1,1],"11":[1,1,1,1],"12":[1,1,1,1],"13":[1,1,1,1],"14":[1,1,1,1],"15":[1,1,1,1]},"_coverageSchema":"43e27e138ebf9cfc5966b082cf9a028302ed4184","hash":"adf239364a87f2e62ab37d82adac066bb46d64b6","contentHash":"e765bd79c0561e655bf59945d62c8daab74a9609f1b73c3666d0ba5d914f1b16"},"C:\\Users\\USER\\Documents\\GitHub\\Atmart\\build\\test\\user.js":{"path":"C:\\Users\\USER\\Documents\\GitHub\\Atmart\\build\\test\\user.js","statementMap":{"0":{"start":{"line":3,"column":12},"end":{"line":3,"column":51}},"1":{"start":{"line":5,"column":16},"end":{"line":5,"column":60}},"2":{"start":{"line":7,"column":11},"end":{"line":7,"column":52}},"3":{"start":{"line":9,"column":39},"end":{"line":9,"column":95}},"4":{"start":{"line":11,"column":77},"end":{"line":11,"column":175}},"5":{"start":{"line":11,"column":94},"end":{"line":11,"column":107}},"6":{"start":{"line":11,"column":121},"end":{"line":11,"column":131}},"7":{"start":{"line":11,"column":151},"end":{"line":11,"column":165}},"8":{"start":{"line":11,"column":166},"end":{"line":11,"column":173}},"9":{"start":{"line":11,"column":176},"end":{"line":11,"column":263}},"10":{"start":{"line":11,"column":193},"end":{"line":11,"column":208}},"11":{"start":{"line":11,"column":218},"end":{"line":11,"column":261}},"12":{"start":{"line":13,"column":33},"end":{"line":13,"column":387}},"13":{"start":{"line":13,"column":65},"end":{"line":13,"column":69}},"14":{"start":{"line":13,"column":78},"end":{"line":13,"column":87}},"15":{"start":{"line":13,"column":89},"end":{"line":13,"column":384}},"16":{"start":{"line":13,"column":147},"end":{"line":13,"column":167}},"17":{"start":{"line":13,"column":193},"end":{"line":13,"column":264}},"18":{"start":{"line":13,"column":290},"end":{"line":13,"column":360}},"19":{"start":{"line":13,"column":363},"end":{"line":13,"column":380}},"20":{"start":{"line":15,"column":0},"end":{"line":15,"column":43}},"21":{"start":{"line":17,"column":0},"end":{"line":17,"column":35}},"22":{"start":{"line":19,"column":0},"end":{"line":19,"column":30}},"23":{"start":{"line":21,"column":0},"end":{"line":219,"column":3}},"24":{"start":{"line":23,"column":16},"end":{"line":26,"column":3}},"25":{"start":{"line":27,"column":16},"end":{"line":30,"column":3}},"26":{"start":{"line":31,"column":18},"end":{"line":34,"column":3}},"27":{"start":{"line":35,"column":2},"end":{"line":58,"column":7}},"28":{"start":{"line":41,"column":4},"end":{"line":57,"column":16}},"29":{"start":{"line":42,"column":6},"end":{"line":56,"column":7}},"30":{"start":{"line":43,"column":8},"end":{"line":55,"column":9}},"31":{"start":{"line":45,"column":12},"end":{"line":45,"column":30}},"32":{"start":{"line":46,"column":12},"end":{"line":46,"column":103}},"33":{"start":{"line":49,"column":12},"end":{"line":49,"column":35}},"34":{"start":{"line":50,"column":12},"end":{"line":50,"column":44}},"35":{"start":{"line":54,"column":12},"end":{"line":54,"column":35}},"36":{"start":{"line":59,"column":2},"end":{"line":152,"column":5}},"37":{"start":{"line":60,"column":4},"end":{"line":88,"column":9}},"38":{"start":{"line":66,"column":6},"end":{"line":87,"column":19}},"39":{"start":{"line":67,"column":8},"end":{"line":86,"column":9}},"40":{"start":{"line":68,"column":10},"end":{"line":85,"column":11}},"41":{"start":{"line":70,"column":14},"end":{"line":70,"column":33}},"42":{"start":{"line":71,"column":14},"end":{"line":71,"column":105}},"43":{"start":{"line":74,"column":14},"end":{"line":74,"column":38}},"44":{"start":{"line":75,"column":14},"end":{"line":75,"column":48}},"45":{"start":{"line":76,"column":14},"end":{"line":76,"column":46}},"46":{"start":{"line":77,"column":14},"end":{"line":77,"column":61}},"47":{"start":{"line":78,"column":14},"end":{"line":78,"column":64}},"48":{"start":{"line":79,"column":14},"end":{"line":79,"column":74}},"49":{"start":{"line":80,"column":14},"end":{"line":80,"column":58}},"50":{"start":{"line":84,"column":14},"end":{"line":84,"column":38}},"51":{"start":{"line":89,"column":4},"end":{"line":114,"column":9}},"52":{"start":{"line":95,"column":6},"end":{"line":113,"column":19}},"53":{"start":{"line":96,"column":8},"end":{"line":112,"column":9}},"54":{"start":{"line":97,"column":10},"end":{"line":111,"column":11}},"55":{"start":{"line":99,"column":14},"end":{"line":99,"column":33}},"56":{"start":{"line":100,"column":14},"end":{"line":100,"column":107}},"57":{"start":{"line":103,"column":14},"end":{"line":103,"column":38}},"58":{"start":{"line":104,"column":14},"end":{"line":104,"column":53}},"59":{"start":{"line":105,"column":14},"end":{"line":105,"column":46}},"60":{"start":{"line":106,"column":14},"end":{"line":106,"column":61}},"61":{"start":{"line":110,"column":14},"end":{"line":110,"column":38}},"62":{"start":{"line":115,"column":4},"end":{"line":143,"column":9}},"63":{"start":{"line":121,"column":6},"end":{"line":142,"column":19}},"64":{"start":{"line":122,"column":8},"end":{"line":141,"column":9}},"65":{"start":{"line":123,"column":10},"end":{"line":140,"column":11}},"66":{"start":{"line":125,"column":14},"end":{"line":125,"column":33}},"67":{"start":{"line":126,"column":14},"end":{"line":126,"column":100}},"68":{"start":{"line":129,"column":14},"end":{"line":129,"column":38}},"69":{"start":{"line":130,"column":14},"end":{"line":130,"column":48}},"70":{"start":{"line":131,"column":14},"end":{"line":131,"column":46}},"71":{"start":{"line":132,"column":14},"end":{"line":135,"column":17}},"72":{"start":{"line":139,"column":14},"end":{"line":139,"column":38}}},"fnMap":{"0":{"name":"_interopRequireDefault","decl":{"start":{"line":9,"column":9},"end":{"line":9,"column":31}},"loc":{"start":{"line":9,"column":37},"end":{"line":9,"column":97}},"line":9},"1":{"name":"asyncGeneratorStep","decl":{"start":{"line":11,"column":9},"end":{"line":11,"column":27}},"loc":{"start":{"line":11,"column":75},"end":{"line":11,"column":265}},"line":11},"2":{"name":"_asyncToGenerator","decl":{"start":{"line":13,"column":9},"end":{"line":13,"column":26}},"loc":{"start":{"line":13,"column":31},"end":{"line":13,"column":389}},"line":13},"3":{"name":"(anonymous_3)","decl":{"start":{"line":13,"column":40},"end":{"line":13,"column":41}},"loc":{"start":{"line":13,"column":52},"end":{"line":13,"column":386}},"line":13},"4":{"name":"(anonymous_4)","decl":{"start":{"line":13,"column":108},"end":{"line":13,"column":109}},"loc":{"start":{"line":13,"column":135},"end":{"line":13,"column":382}},"line":13},"5":{"name":"_next","decl":{"start":{"line":13,"column":178},"end":{"line":13,"column":183}},"loc":{"start":{"line":13,"column":191},"end":{"line":13,"column":266}},"line":13},"6":{"name":"_throw","decl":{"start":{"line":13,"column":276},"end":{"line":13,"column":282}},"loc":{"start":{"line":13,"column":288},"end":{"line":13,"column":362}},"line":13},"7":{"name":"(anonymous_7)","decl":{"start":{"line":21,"column":17},"end":{"line":21,"column":18}},"loc":{"start":{"line":21,"column":29},"end":{"line":219,"column":1}},"line":21},"8":{"name":"_callee","decl":{"start":{"line":39,"column":35},"end":{"line":39,"column":42}},"loc":{"start":{"line":39,"column":45},"end":{"line":58,"column":3}},"line":39},"9":{"name":"_callee$","decl":{"start":{"line":41,"column":44},"end":{"line":41,"column":52}},"loc":{"start":{"line":41,"column":63},"end":{"line":57,"column":5}},"line":41},"10":{"name":"(anonymous_10)","decl":{"start":{"line":59,"column":21},"end":{"line":59,"column":22}},"loc":{"start":{"line":59,"column":33},"end":{"line":152,"column":3}},"line":59},"11":{"name":"_callee2","decl":{"start":{"line":64,"column":37},"end":{"line":64,"column":45}},"loc":{"start":{"line":64,"column":48},"end":{"line":88,"column":5}},"line":64},"12":{"name":"_callee2$","decl":{"start":{"line":66,"column":46},"end":{"line":66,"column":55}},"loc":{"start":{"line":66,"column":67},"end":{"line":87,"column":7}},"line":66},"13":{"name":"_callee3","decl":{"start":{"line":93,"column":37},"end":{"line":93,"column":45}},"loc":{"start":{"line":93,"column":48},"end":{"line":114,"column":5}},"line":93},"14":{"name":"_callee3$","decl":{"start":{"line":95,"column":46},"end":{"line":95,"column":55}},"loc":{"start":{"line":95,"column":67},"end":{"line":113,"column":7}},"line":95},"15":{"name":"_callee4","decl":{"start":{"line":119,"column":37},"end":{"line":119,"column":45}},"loc":{"start":{"line":119,"column":48},"end":{"line":143,"column":5}},"line":119},"16":{"name":"_callee4$","decl":{"start":{"line":121,"column":46},"end":{"line":121,"column":55}},"loc":{"start":{"line":121,"column":67},"end":{"line":142,"column":7}},"line":121}},"branchMap":{"0":{"loc":{"start":{"line":9,"column":46},"end":{"line":9,"column":94}},"type":"cond-expr","locations":[{"start":{"line":9,"column":70},"end":{"line":9,"column":73}},{"start":{"line":9,"column":76},"end":{"line":9,"column":94}}],"line":9},"1":{"loc":{"start":{"line":9,"column":46},"end":{"line":9,"column":67}},"type":"binary-expr","locations":[{"start":{"line":9,"column":46},"end":{"line":9,"column":49}},{"start":{"line":9,"column":53},"end":{"line":9,"column":67}}],"line":9},"2":{"loc":{"start":{"line":11,"column":176},"end":{"line":11,"column":263}},"type":"if","locations":[{"start":{"line":11,"column":176},"end":{"line":11,"column":263}},{"start":{"line":11,"column":176},"end":{"line":11,"column":263}}],"line":11},"3":{"loc":{"start":{"line":43,"column":8},"end":{"line":55,"column":9}},"type":"switch","locations":[{"start":{"line":44,"column":10},"end":{"line":46,"column":103}},{"start":{"line":48,"column":10},"end":{"line":50,"column":44}},{"start":{"line":52,"column":10},"end":{"line":52,"column":17}},{"start":{"line":53,"column":10},"end":{"line":54,"column":35}}],"line":43},"4":{"loc":{"start":{"line":68,"column":10},"end":{"line":85,"column":11}},"type":"switch","locations":[{"start":{"line":69,"column":12},"end":{"line":71,"column":105}},{"start":{"line":73,"column":12},"end":{"line":80,"column":58}},{"start":{"line":82,"column":12},"end":{"line":82,"column":19}},{"start":{"line":83,"column":12},"end":{"line":84,"column":38}}],"line":68},"5":{"loc":{"start":{"line":97,"column":10},"end":{"line":111,"column":11}},"type":"switch","locations":[{"start":{"line":98,"column":12},"end":{"line":100,"column":107}},{"start":{"line":102,"column":12},"end":{"line":106,"column":61}},{"start":{"line":108,"column":12},"end":{"line":108,"column":19}},{"start":{"line":109,"column":12},"end":{"line":110,"column":38}}],"line":97},"6":{"loc":{"start":{"line":123,"column":10},"end":{"line":140,"column":11}},"type":"switch","locations":[{"start":{"line":124,"column":12},"end":{"line":126,"column":100}},{"start":{"line":128,"column":12},"end":{"line":135,"column":17}},{"start":{"line":137,"column":12},"end":{"line":137,"column":19}},{"start":{"line":138,"column":12},"end":{"line":139,"column":38}}],"line":123}},"s":{"0":1,"1":1,"2":1,"3":3,"4":8,"5":8,"6":8,"7":0,"8":0,"9":8,"10":4,"11":4,"12":4,"13":4,"14":4,"15":4,"16":4,"17":8,"18":0,"19":4,"20":1,"21":1,"22":1,"23":1,"24":1,"25":1,"26":1,"27":1,"28":1,"29":2,"30":2,"31":1,"32":1,"33":1,"34":1,"35":1,"36":1,"37":1,"38":1,"39":2,"40":2,"41":1,"42":1,"43":1,"44":1,"45":1,"46":1,"47":1,"48":1,"49":1,"50":1,"51":1,"52":1,"53":2,"54":2,"55":1,"56":1,"57":1,"58":1,"59":1,"60":1,"61":1,"62":1,"63":1,"64":2,"65":2,"66":1,"67":1,"68":1,"69":1,"70":1,"71":1,"72":1},"f":{"0":3,"1":8,"2":4,"3":4,"4":4,"5":8,"6":0,"7":1,"8":1,"9":2,"10":1,"11":1,"12":2,"13":1,"14":2,"15":1,"16":2},"b":{"0":[0,3],"1":[3,3],"2":[4,4],"3":[1,1,1,1],"4":[1,1,1,1],"5":[1,1,1,1],"6":[1,1,1,1]},"_coverageSchema":"43e27e138ebf9cfc5966b082cf9a028302ed4184","hash":"739ead78046cc9fa220687b6ae35b604861b9afa","contentHash":"10944baa05cbc1c6cb622b758fb54e4d6abb9ba54a0bf25d3c41ccd30df430c6"}}